#
# There is insufficient memory for the Java Runtime Environment to continue.
# Native memory allocation (mmap) failed to map 364904448 bytes. Error detail: G1 virtual space
# Possible reasons:
#   The system is out of physical RAM or swap space
#   This process is running with CompressedOops enabled, and the Java Heap may be blocking the growth of the native heap
# Possible solutions:
#   Reduce memory load on the system
#   Increase physical memory or swap space
#   Check if swap backing store is full
#   Decrease Java heap size (-Xmx/-Xms)
#   Decrease number of Java threads
#   Decrease Java thread stack sizes (-Xss)
#   Set larger code cache with -XX:ReservedCodeCacheSize=
#   JVM is running with Zero Based Compressed Oops mode in which the Java heap is
#     placed in the first 32GB address space. The Java Heap base address is the
#     maximum limit for the native heap growth. Please use -XX:HeapBaseMinAddress
#     to set the Java Heap base and to place the Java Heap above 32GB virtual address.
# This output file may be truncated or incomplete.
#
#  Out of Memory Error (os_windows.cpp:3707), pid=14696, tid=5940
#
# JRE version: Java(TM) SE Runtime Environment (23.0.2+7) (build 23.0.2+7-58)
# Java VM: Java HotSpot(TM) 64-Bit Server VM (23.0.2+7-58, mixed mode, sharing, tiered, compressed oops, compressed class ptrs, g1 gc, windows-amd64)
# No core dump will be written. Minidumps are not enabled by default on client versions of Windows
#

---------------  S U M M A R Y ------------

Command Line: -XX:MaxMetaspaceSize=4G -XX:ReservedCodeCacheSize=512m -XX:+HeapDumpOnOutOfMemoryError --add-opens=java.base/java.util=ALL-UNNAMED --add-opens=java.base/java.lang=ALL-UNNAMED --add-opens=java.base/java.lang.invoke=ALL-UNNAMED --add-opens=java.prefs/java.util.prefs=ALL-UNNAMED --add-exports=jdk.compiler/com.sun.tools.javac.api=ALL-UNNAMED --add-exports=jdk.compiler/com.sun.tools.javac.util=ALL-UNNAMED --add-opens=java.base/java.nio.charset=ALL-UNNAMED --add-opens=java.base/java.net=ALL-UNNAMED --add-opens=java.base/java.util.concurrent.atomic=ALL-UNNAMED -Xmx8G -Dfile.encoding=utf8 -Duser.country=PH -Duser.language=en -Duser.variant -javaagent:C:\Users\user\.gradle\wrapper\dists\gradle-8.10.2-all\7iv73wktx1xtkvlq19urqw1wm\gradle-8.10.2\lib\agents\gradle-instrumentation-agent-8.10.2.jar org.gradle.launcher.daemon.bootstrap.GradleDaemon 8.10.2

Host: AMD Ryzen 5 7520U with Radeon Graphics         , 8 cores, 7G,  Windows 11 , 64 bit Build 26100 (10.0.26100.4202)
Time: Thu Jun 26 22:29:15 2025 Malay Peninsula Standard Time elapsed time: 271.213955 seconds (0d 0h 4m 31s)

---------------  T H R E A D  ---------------

Current thread (0x00000177e130d710):  VMThread "VM Thread"          [id=5940, stack(0x0000004c4b600000,0x0000004c4b700000) (1024K)]

Stack: [0x0000004c4b600000,0x0000004c4b700000]
Native frames: (J=compiled Java code, j=interpreted, Vv=VM code, C=native code)
V  [jvm.dll+0x6e0b99]  (no source info available)
V  [jvm.dll+0x87e2b3]  (no source info available)
V  [jvm.dll+0x88073e]  (no source info available)
V  [jvm.dll+0x880e13]  (no source info available)
V  [jvm.dll+0x27b006]  (no source info available)
V  [jvm.dll+0x6dd485]  (no source info available)
V  [jvm.dll+0x6d127a]  (no source info available)
V  [jvm.dll+0x35b50a]  (no source info available)
V  [jvm.dll+0x363916]  (no source info available)
V  [jvm.dll+0x34fe7e]  (no source info available)
V  [jvm.dll+0x350118]  (no source info available)
V  [jvm.dll+0x328aec]  (no source info available)
V  [jvm.dll+0x328b7a]  (no source info available)
V  [jvm.dll+0x374db2]  (no source info available)
V  [jvm.dll+0x3734b2]  (no source info available)
V  [jvm.dll+0x3282c7]  (no source info available)
V  [jvm.dll+0x372c64]  (no source info available)
V  [jvm.dll+0x886d50]  (no source info available)
V  [jvm.dll+0x888077]  (no source info available)
V  [jvm.dll+0x8885a8]  (no source info available)
V  [jvm.dll+0x888843]  (no source info available)
V  [jvm.dll+0x8254cb]  (no source info available)
V  [jvm.dll+0x6df345]  (no source info available)
C  [ucrtbase.dll+0x37b0]  (no source info available)
C  [KERNEL32.DLL+0x2e8d7]  (no source info available)
C  [ntdll.dll+0x3c34c]  (no source info available)

VM_Operation (0x0000004c4d5febc0): G1CollectForAllocation, mode: safepoint, requested by thread 0x000001782a9d7ee0


---------------  P R O C E S S  ---------------

Threads class SMR info:
_java_thread_list=0x000001782eac2580, length=133, elements={
0x00000177abfc5dc0, 0x00000177e1326f40, 0x00000177e1329ab0, 0x00000177e132ea30,
0x00000177e132f6a0, 0x00000177e1331520, 0x00000177e1331f80, 0x00000177e1332d10,
0x00000177e3bc8d10, 0x00000177e3cce2a0, 0x00000177e3ee33d0, 0x000001782a561090,
0x000001782a96b840, 0x000001782a996130, 0x000001782a88a720, 0x000001782a88ad90,
0x000001782a8a9890, 0x000001782a8ec8e0, 0x000001782a9d5e10, 0x000001782a9d8570,
0x000001782a9d8c00, 0x000001782a9d6b30, 0x000001782a9d71c0, 0x000001782a9d7ee0,
0x000001782ad8ecb0, 0x000001782ad90060, 0x000001782ad8f340, 0x000001782ad91410,
0x000001782ad90d80, 0x000001782ad93b70, 0x000001782ad91aa0, 0x000001782ad906f0,
0x000001782ad955b0, 0x000001782ad934e0, 0x000001782cb6dda0, 0x000001782cb6f150,
0x000001782cb6f7e0, 0x000001782cb6c360, 0x000001782cb6fe70, 0x000001782cb6c9f0,
0x000001782cb70b90, 0x000001782cb70500, 0x000001782cb6e430, 0x000001782cb6d710,
0x000001782cb71220, 0x000001782cb718b0, 0x000001782cb71f40, 0x000001782cb725d0,
0x000001782cb72c60, 0x000001782c1949c0, 0x000001782c197120, 0x000001782c1956e0,
0x000001782c196400, 0x000001782c193ca0, 0x000001782c194330, 0x000001782c195d70,
0x000001782d103200, 0x000001782d102b70, 0x000001782d107a30, 0x000001782d1045b0,
0x000001782d1080c0, 0x000001782d108750, 0x000001782d108de0, 0x000001782d10a190,
0x000001782d109470, 0x000001782d109b00, 0x000001782d1073a0, 0x000001782ad94200,
0x000001782ad92e50, 0x000001782c195050, 0x000001782e0d6ee0, 0x000001782e0d54a0,
0x000001782e0d5b30, 0x000001782e0d7570, 0x000001782e0d40f0, 0x000001782e0d4e10,
0x000001782e0d7c00, 0x000001782e0d4780, 0x000001782e0d61c0, 0x000001782e0d8290,
0x000001782e0d9640, 0x000001782e0d6850, 0x000001782e0db710, 0x000001782e0d8920,
0x000001782e0d9cd0, 0x000001782e0da360, 0x000001782e0da9f0, 0x000001782e0db080,
0x000001782e59f3a0, 0x000001782e59fa30, 0x000001782e5a1470, 0x000001782e59ed10,
0x000001782e5a3540, 0x000001782e5a0de0, 0x000001782e5a0750, 0x000001782e5a1b00,
0x000001782e5a00c0, 0x000001782e5a5610, 0x000001782e5a2190, 0x000001782e5a4260,
0x000001782e5a48f0, 0x000001782e5a4f80, 0x000001782e5a5ca0, 0x000001782e5a2820,
0x000001782e5a6330, 0x000001782e5a2eb0, 0x000001782dcfd9b0, 0x000001782dcfd320,
0x000001782dcff3f0, 0x000001782dd00110, 0x000001782dd007a0, 0x000001782dd014c0,
0x000001782dcfe6d0, 0x000001782dd00e30, 0x000001782dd021e0, 0x000001782dcfed60,
0x000001782dd02870, 0x000001782dd02f00, 0x000001782dd03590, 0x000001782dd03c20,
0x000001782dd042b0, 0x000001782d105960, 0x000001782ef083c0, 0x000001782ef09e00,
0x000001782ef076a0, 0x000001782ef07010, 0x000001782ef07d30, 0x000001782ef0d280,
0x000001782f7b33c0, 0x000001782f7b3a50, 0x000001782fbdf130, 0x000001782fbdd6f0,
0x000001782fbe3ff0
}

Java Threads: ( => current thread )
  0x00000177abfc5dc0 JavaThread "main"                              [_thread_blocked, id=20340, stack(0x0000004c4af00000,0x0000004c4b000000) (1024K)]
  0x00000177e1326f40 JavaThread "Reference Handler"          daemon [_thread_blocked, id=19004, stack(0x0000004c4b700000,0x0000004c4b800000) (1024K)]
  0x00000177e1329ab0 JavaThread "Finalizer"                  daemon [_thread_blocked, id=3420, stack(0x0000004c4b800000,0x0000004c4b900000) (1024K)]
  0x00000177e132ea30 JavaThread "Signal Dispatcher"          daemon [_thread_blocked, id=11144, stack(0x0000004c4b900000,0x0000004c4ba00000) (1024K)]
  0x00000177e132f6a0 JavaThread "Attach Listener"            daemon [_thread_blocked, id=15964, stack(0x0000004c4ba00000,0x0000004c4bb00000) (1024K)]
  0x00000177e1331520 JavaThread "Service Thread"             daemon [_thread_blocked, id=21268, stack(0x0000004c4bb00000,0x0000004c4bc00000) (1024K)]
  0x00000177e1331f80 JavaThread "Monitor Deflation Thread"   daemon [_thread_blocked, id=24948, stack(0x0000004c4bc00000,0x0000004c4bd00000) (1024K)]
  0x00000177e1332d10 JavaThread "C2 CompilerThread0"         daemon [_thread_blocked, id=3516, stack(0x0000004c4bd00000,0x0000004c4be00000) (1024K)]
  0x00000177e3bc8d10 JavaThread "C1 CompilerThread0"         daemon [_thread_blocked, id=23332, stack(0x0000004c4be00000,0x0000004c4bf00000) (1024K)]
  0x00000177e3cce2a0 JavaThread "Common-Cleaner"             daemon [_thread_blocked, id=13424, stack(0x0000004c4bf00000,0x0000004c4c000000) (1024K)]
  0x00000177e3ee33d0 JavaThread "Notification Thread"        daemon [_thread_blocked, id=22224, stack(0x0000004c4c100000,0x0000004c4c200000) (1024K)]
  0x000001782a561090 JavaThread "Daemon health stats"               [_thread_blocked, id=2760, stack(0x0000004c4c400000,0x0000004c4c500000) (1024K)]
  0x000001782a96b840 JavaThread "Incoming local TCP Connector on port 52239"        [_thread_in_native, id=8964, stack(0x0000004c4c700000,0x0000004c4c800000) (1024K)]
  0x000001782a996130 JavaThread "Daemon periodic checks"            [_thread_blocked, id=17504, stack(0x0000004c4c800000,0x0000004c4c900000) (1024K)]
  0x000001782a88a720 JavaThread "Daemon"                            [_thread_blocked, id=7920, stack(0x0000004c4c900000,0x0000004c4ca00000) (1024K)]
  0x000001782a88ad90 JavaThread "Handler for socket connection from /127.0.0.1:52239 to /127.0.0.1:52241"        [_thread_in_native, id=16872, stack(0x0000004c4ca00000,0x0000004c4cb00000) (1024K)]
  0x000001782a8a9890 JavaThread "Cancel handler"                    [_thread_blocked, id=23764, stack(0x0000004c4cb00000,0x0000004c4cc00000) (1024K)]
  0x000001782a8ec8e0 JavaThread "Daemon worker"                     [_thread_blocked, id=11352, stack(0x0000004c4cc00000,0x0000004c4cd00000) (1024K)]
  0x000001782a9d5e10 JavaThread "Asynchronous log dispatcher for DefaultDaemonConnection: socket connection from /127.0.0.1:52239 to /127.0.0.1:52241"        [_thread_blocked, id=3876, stack(0x0000004c4cd00000,0x0000004c4ce00000) (1024K)]
  0x000001782a9d8570 JavaThread "Stdin handler"                     [_thread_blocked, id=20548, stack(0x0000004c4ce00000,0x0000004c4cf00000) (1024K)]
  0x000001782a9d8c00 JavaThread "Daemon client event forwarder"        [_thread_blocked, id=21612, stack(0x0000004c4cf00000,0x0000004c4d000000) (1024K)]
  0x000001782a9d6b30 JavaThread "Cache worker for journal cache (C:\Users\user\.gradle\caches\journal-1)"        [_thread_blocked, id=10840, stack(0x0000004c4d200000,0x0000004c4d300000) (1024K)]
  0x000001782a9d71c0 JavaThread "File lock request listener"        [_thread_blocked, id=12892, stack(0x0000004c4d300000,0x0000004c4d400000) (1024K)]
  0x000001782a9d7ee0 JavaThread "Cache worker for file hash cache (C:\Users\user\.gradle\caches\8.10.2\fileHashes)"        [_thread_blocked, id=9944, stack(0x0000004c4d500000,0x0000004c4d600000) (1024K)]
  0x000001782ad8ecb0 JavaThread "Cache worker for file hash cache (C:\Users\user\Desktop\Gala-main\my_project\android\.gradle\8.10.2\fileHashes)"        [_thread_blocked, id=19304, stack(0x0000004c4d700000,0x0000004c4d800000) (1024K)]
  0x000001782ad90060 JavaThread "Cache worker for Build Output Cleanup Cache (C:\Users\user\Desktop\Gala-main\my_project\android\.gradle\buildOutputCleanup)"        [_thread_blocked, id=8736, stack(0x0000004c4d800000,0x0000004c4d900000) (1024K)]
  0x000001782ad8f340 JavaThread "File watcher server"        daemon [_thread_in_native, id=9352, stack(0x0000004c4d900000,0x0000004c4da00000) (1024K)]
  0x000001782ad91410 JavaThread "File watcher consumer"      daemon [_thread_blocked, id=9756, stack(0x0000004c4da00000,0x0000004c4db00000) (1024K)]
  0x000001782ad90d80 JavaThread "Cache worker for checksums cache (C:\Users\user\Desktop\Gala-main\my_project\android\.gradle\8.10.2\checksums)"        [_thread_blocked, id=2700, stack(0x0000004c4db00000,0x0000004c4dc00000) (1024K)]
  0x000001782ad93b70 JavaThread "Cache worker for file content cache (C:\Users\user\.gradle\caches\8.10.2\fileContent)"        [_thread_blocked, id=22652, stack(0x0000004c4dc00000,0x0000004c4dd00000) (1024K)]
  0x000001782ad91aa0 JavaThread "Cache worker for cache directory md-rule (C:\Users\user\.gradle\caches\8.10.2\md-rule)"        [_thread_blocked, id=11504, stack(0x0000004c4dd00000,0x0000004c4de00000) (1024K)]
  0x000001782ad906f0 JavaThread "Cache worker for cache directory md-supplier (C:\Users\user\.gradle\caches\8.10.2\md-supplier)"        [_thread_blocked, id=13248, stack(0x0000004c4de00000,0x0000004c4df00000) (1024K)]
  0x000001782ad955b0 JavaThread "jar transforms"                    [_thread_blocked, id=12320, stack(0x0000004c4df00000,0x0000004c4e000000) (1024K)]
  0x000001782ad934e0 JavaThread "jar transforms Thread 2"           [_thread_blocked, id=15352, stack(0x0000004c4e000000,0x0000004c4e100000) (1024K)]
  0x000001782cb6dda0 JavaThread "Cache worker for Build Output Cleanup Cache (C:\Flutter\flutter\packages\flutter_tools\gradle\.gradle\buildOutputCleanup)"        [_thread_blocked, id=22144, stack(0x0000004c4e100000,0x0000004c4e200000) (1024K)]
  0x000001782cb6f150 JavaThread "Unconstrained build operations"        [_thread_blocked, id=21892, stack(0x0000004c4ac00000,0x0000004c4ad00000) (1024K)]
  0x000001782cb6f7e0 JavaThread "Unconstrained build operations Thread 2"        [_thread_blocked, id=21236, stack(0x0000004c4ad00000,0x0000004c4ae00000) (1024K)]
  0x000001782cb6c360 JavaThread "Unconstrained build operations Thread 3"        [_thread_blocked, id=23420, stack(0x0000004c4ae00000,0x0000004c4af00000) (1024K)]
  0x000001782cb6fe70 JavaThread "Unconstrained build operations Thread 4"        [_thread_blocked, id=15408, stack(0x0000004c4e200000,0x0000004c4e300000) (1024K)]
  0x000001782cb6c9f0 JavaThread "Unconstrained build operations Thread 5"        [_thread_blocked, id=10824, stack(0x0000004c4e300000,0x0000004c4e400000) (1024K)]
  0x000001782cb70b90 JavaThread "Unconstrained build operations Thread 6"        [_thread_blocked, id=21636, stack(0x0000004c4e400000,0x0000004c4e500000) (1024K)]
  0x000001782cb70500 JavaThread "Unconstrained build operations Thread 7"        [_thread_blocked, id=16880, stack(0x0000004c4e500000,0x0000004c4e600000) (1024K)]
  0x000001782cb6e430 JavaThread "Unconstrained build operations Thread 8"        [_thread_blocked, id=24344, stack(0x0000004c4e600000,0x0000004c4e700000) (1024K)]
  0x000001782cb6d710 JavaThread "Unconstrained build operations Thread 9"        [_thread_blocked, id=7488, stack(0x0000004c4e700000,0x0000004c4e800000) (1024K)]
  0x000001782cb71220 JavaThread "Unconstrained build operations Thread 10"        [_thread_blocked, id=13864, stack(0x0000004c4e800000,0x0000004c4e900000) (1024K)]
  0x000001782cb718b0 JavaThread "Unconstrained build operations Thread 11"        [_thread_blocked, id=15040, stack(0x0000004c4e900000,0x0000004c4ea00000) (1024K)]
  0x000001782cb71f40 JavaThread "Unconstrained build operations Thread 12"        [_thread_blocked, id=24068, stack(0x0000004c4ea00000,0x0000004c4eb00000) (1024K)]
  0x000001782cb725d0 JavaThread "Unconstrained build operations Thread 13"        [_thread_blocked, id=14304, stack(0x0000004c4eb00000,0x0000004c4ec00000) (1024K)]
  0x000001782cb72c60 JavaThread "Unconstrained build operations Thread 14"        [_thread_blocked, id=15784, stack(0x0000004c4ec00000,0x0000004c4ed00000) (1024K)]
  0x000001782c1949c0 JavaThread "Unconstrained build operations Thread 15"        [_thread_blocked, id=22780, stack(0x0000004c4ed00000,0x0000004c4ee00000) (1024K)]
  0x000001782c197120 JavaThread "Unconstrained build operations Thread 16"        [_thread_blocked, id=19376, stack(0x0000004c4ee00000,0x0000004c4ef00000) (1024K)]
  0x000001782c1956e0 JavaThread "Unconstrained build operations Thread 17"        [_thread_blocked, id=21080, stack(0x0000004c4ef00000,0x0000004c4f000000) (1024K)]
  0x000001782c196400 JavaThread "Unconstrained build operations Thread 18"        [_thread_blocked, id=16664, stack(0x0000004c4f000000,0x0000004c4f100000) (1024K)]
  0x000001782c193ca0 JavaThread "Unconstrained build operations Thread 19"        [_thread_blocked, id=20716, stack(0x0000004c4f100000,0x0000004c4f200000) (1024K)]
  0x000001782c194330 JavaThread "Unconstrained build operations Thread 20"        [_thread_blocked, id=22596, stack(0x0000004c4f200000,0x0000004c4f300000) (1024K)]
  0x000001782c195d70 JavaThread "Unconstrained build operations Thread 21"        [_thread_blocked, id=4028, stack(0x0000004c4f300000,0x0000004c4f400000) (1024K)]
  0x000001782d103200 JavaThread "Memory manager"                    [_thread_blocked, id=20624, stack(0x0000004c4f400000,0x0000004c4f500000) (1024K)]
  0x000001782d102b70 JavaThread "build event listener"              [_thread_blocked, id=7568, stack(0x0000004c4f500000,0x0000004c4f600000) (1024K)]
  0x000001782d107a30 JavaThread "Execution worker"                  [_thread_blocked, id=10264, stack(0x0000004c4f800000,0x0000004c4f900000) (1024K)]
  0x000001782d1045b0 JavaThread "Execution worker Thread 2"         [_thread_blocked, id=8412, stack(0x0000004c4f900000,0x0000004c4fa00000) (1024K)]
  0x000001782d1080c0 JavaThread "Execution worker Thread 3"         [_thread_blocked, id=19216, stack(0x0000004c4fa00000,0x0000004c4fb00000) (1024K)]
  0x000001782d108750 JavaThread "Execution worker Thread 4"         [_thread_blocked, id=22592, stack(0x0000004c4fb00000,0x0000004c4fc00000) (1024K)]
  0x000001782d108de0 JavaThread "Execution worker Thread 5"         [_thread_blocked, id=12572, stack(0x0000004c4fc00000,0x0000004c4fd00000) (1024K)]
  0x000001782d10a190 JavaThread "Execution worker Thread 6"         [_thread_blocked, id=18408, stack(0x0000004c4fd00000,0x0000004c4fe00000) (1024K)]
  0x000001782d109470 JavaThread "Execution worker Thread 7"         [_thread_blocked, id=13288, stack(0x0000004c4fe00000,0x0000004c4ff00000) (1024K)]
  0x000001782d109b00 JavaThread "Cache worker for execution history cache (C:\Flutter\flutter\packages\flutter_tools\gradle\.gradle\8.10.2\executionHistory)"        [_thread_blocked, id=4360, stack(0x0000004c4ff00000,0x0000004c50000000) (1024K)]
  0x000001782d1073a0 JavaThread "Unconstrained build operations Thread 22"        [_thread_blocked, id=5668, stack(0x0000004c50000000,0x0000004c50100000) (1024K)]
  0x000001782ad94200 JavaThread "Unconstrained build operations Thread 23"        [_thread_blocked, id=16952, stack(0x0000004c50100000,0x0000004c50200000) (1024K)]
  0x000001782ad92e50 JavaThread "Unconstrained build operations Thread 24"        [_thread_blocked, id=20180, stack(0x0000004c50200000,0x0000004c50300000) (1024K)]
  0x000001782c195050 JavaThread "Unconstrained build operations Thread 25"        [_thread_blocked, id=8424, stack(0x0000004c50300000,0x0000004c50400000) (1024K)]
  0x000001782e0d6ee0 JavaThread "Unconstrained build operations Thread 26"        [_thread_blocked, id=404, stack(0x0000004c50400000,0x0000004c50500000) (1024K)]
  0x000001782e0d54a0 JavaThread "Unconstrained build operations Thread 27"        [_thread_blocked, id=4236, stack(0x0000004c50500000,0x0000004c50600000) (1024K)]
  0x000001782e0d5b30 JavaThread "Unconstrained build operations Thread 28"        [_thread_blocked, id=19864, stack(0x0000004c50600000,0x0000004c50700000) (1024K)]
  0x000001782e0d7570 JavaThread "Unconstrained build operations Thread 29"        [_thread_blocked, id=10692, stack(0x0000004c50700000,0x0000004c50800000) (1024K)]
  0x000001782e0d40f0 JavaThread "Unconstrained build operations Thread 30"        [_thread_blocked, id=25016, stack(0x0000004c50800000,0x0000004c50900000) (1024K)]
  0x000001782e0d4e10 JavaThread "Unconstrained build operations Thread 31"        [_thread_blocked, id=11012, stack(0x0000004c50900000,0x0000004c50a00000) (1024K)]
  0x000001782e0d7c00 JavaThread "Unconstrained build operations Thread 32"        [_thread_blocked, id=3100, stack(0x0000004c50a00000,0x0000004c50b00000) (1024K)]
  0x000001782e0d4780 JavaThread "Unconstrained build operations Thread 33"        [_thread_blocked, id=21380, stack(0x0000004c50b00000,0x0000004c50c00000) (1024K)]
  0x000001782e0d61c0 JavaThread "Unconstrained build operations Thread 34"        [_thread_blocked, id=7720, stack(0x0000004c50c00000,0x0000004c50d00000) (1024K)]
  0x000001782e0d8290 JavaThread "Unconstrained build operations Thread 35"        [_thread_blocked, id=12200, stack(0x0000004c50d00000,0x0000004c50e00000) (1024K)]
  0x000001782e0d9640 JavaThread "Unconstrained build operations Thread 36"        [_thread_blocked, id=23976, stack(0x0000004c50e00000,0x0000004c50f00000) (1024K)]
  0x000001782e0d6850 JavaThread "Unconstrained build operations Thread 37"        [_thread_blocked, id=25520, stack(0x0000004c50f00000,0x0000004c51000000) (1024K)]
  0x000001782e0db710 JavaThread "Unconstrained build operations Thread 38"        [_thread_blocked, id=4572, stack(0x0000004c51000000,0x0000004c51100000) (1024K)]
  0x000001782e0d8920 JavaThread "Unconstrained build operations Thread 39"        [_thread_blocked, id=20248, stack(0x0000004c51100000,0x0000004c51200000) (1024K)]
  0x000001782e0d9cd0 JavaThread "Unconstrained build operations Thread 40"        [_thread_blocked, id=24600, stack(0x0000004c51200000,0x0000004c51300000) (1024K)]
  0x000001782e0da360 JavaThread "Unconstrained build operations Thread 41"        [_thread_blocked, id=12380, stack(0x0000004c51300000,0x0000004c51400000) (1024K)]
  0x000001782e0da9f0 JavaThread "Unconstrained build operations Thread 42"        [_thread_blocked, id=14880, stack(0x0000004c51400000,0x0000004c51500000) (1024K)]
  0x000001782e0db080 JavaThread "Unconstrained build operations Thread 43"        [_thread_blocked, id=14268, stack(0x0000004c51500000,0x0000004c51600000) (1024K)]
  0x000001782e59f3a0 JavaThread "Unconstrained build operations Thread 44"        [_thread_blocked, id=8632, stack(0x0000004c51600000,0x0000004c51700000) (1024K)]
  0x000001782e59fa30 JavaThread "Unconstrained build operations Thread 45"        [_thread_blocked, id=16200, stack(0x0000004c51700000,0x0000004c51800000) (1024K)]
  0x000001782e5a1470 JavaThread "Unconstrained build operations Thread 46"        [_thread_blocked, id=22364, stack(0x0000004c51800000,0x0000004c51900000) (1024K)]
  0x000001782e59ed10 JavaThread "Unconstrained build operations Thread 47"        [_thread_blocked, id=15276, stack(0x0000004c51900000,0x0000004c51a00000) (1024K)]
  0x000001782e5a3540 JavaThread "Unconstrained build operations Thread 48"        [_thread_blocked, id=6584, stack(0x0000004c51a00000,0x0000004c51b00000) (1024K)]
  0x000001782e5a0de0 JavaThread "Unconstrained build operations Thread 49"        [_thread_blocked, id=8972, stack(0x0000004c51b00000,0x0000004c51c00000) (1024K)]
  0x000001782e5a0750 JavaThread "Unconstrained build operations Thread 50"        [_thread_blocked, id=12268, stack(0x0000004c51c00000,0x0000004c51d00000) (1024K)]
  0x000001782e5a1b00 JavaThread "Unconstrained build operations Thread 51"        [_thread_blocked, id=4556, stack(0x0000004c51d00000,0x0000004c51e00000) (1024K)]
  0x000001782e5a00c0 JavaThread "Unconstrained build operations Thread 52"        [_thread_blocked, id=8664, stack(0x0000004c51e00000,0x0000004c51f00000) (1024K)]
  0x000001782e5a5610 JavaThread "Unconstrained build operations Thread 53"        [_thread_blocked, id=13536, stack(0x0000004c51f00000,0x0000004c52000000) (1024K)]
  0x000001782e5a2190 JavaThread "Unconstrained build operations Thread 54"        [_thread_blocked, id=6348, stack(0x0000004c52100000,0x0000004c52200000) (1024K)]
  0x000001782e5a4260 JavaThread "Unconstrained build operations Thread 55"        [_thread_blocked, id=22800, stack(0x0000004c52200000,0x0000004c52300000) (1024K)]
  0x000001782e5a48f0 JavaThread "Unconstrained build operations Thread 56"        [_thread_blocked, id=11360, stack(0x0000004c52300000,0x0000004c52400000) (1024K)]
  0x000001782e5a4f80 JavaThread "Unconstrained build operations Thread 57"        [_thread_blocked, id=19488, stack(0x0000004c52400000,0x0000004c52500000) (1024K)]
  0x000001782e5a5ca0 JavaThread "Unconstrained build operations Thread 58"        [_thread_blocked, id=19416, stack(0x0000004c52500000,0x0000004c52600000) (1024K)]
  0x000001782e5a2820 JavaThread "Unconstrained build operations Thread 59"        [_thread_blocked, id=9140, stack(0x0000004c52600000,0x0000004c52700000) (1024K)]
  0x000001782e5a6330 JavaThread "Unconstrained build operations Thread 60"        [_thread_blocked, id=15532, stack(0x0000004c52700000,0x0000004c52800000) (1024K)]
  0x000001782e5a2eb0 JavaThread "Unconstrained build operations Thread 61"        [_thread_blocked, id=8248, stack(0x0000004c52800000,0x0000004c52900000) (1024K)]
  0x000001782dcfd9b0 JavaThread "Unconstrained build operations Thread 62"        [_thread_blocked, id=11336, stack(0x0000004c52900000,0x0000004c52a00000) (1024K)]
  0x000001782dcfd320 JavaThread "Unconstrained build operations Thread 63"        [_thread_blocked, id=22384, stack(0x0000004c52a00000,0x0000004c52b00000) (1024K)]
  0x000001782dcff3f0 JavaThread "Unconstrained build operations Thread 64"        [_thread_blocked, id=21640, stack(0x0000004c52b00000,0x0000004c52c00000) (1024K)]
  0x000001782dd00110 JavaThread "Unconstrained build operations Thread 65"        [_thread_blocked, id=3472, stack(0x0000004c52c00000,0x0000004c52d00000) (1024K)]
  0x000001782dd007a0 JavaThread "Unconstrained build operations Thread 66"        [_thread_blocked, id=16080, stack(0x0000004c52d00000,0x0000004c52e00000) (1024K)]
  0x000001782dd014c0 JavaThread "Unconstrained build operations Thread 67"        [_thread_blocked, id=2956, stack(0x0000004c52e00000,0x0000004c52f00000) (1024K)]
  0x000001782dcfe6d0 JavaThread "jar transforms Thread 3"           [_thread_blocked, id=24640, stack(0x0000004c52000000,0x0000004c52100000) (1024K)]
  0x000001782dd00e30 JavaThread "jar transforms Thread 4"           [_thread_blocked, id=18772, stack(0x0000004c52f00000,0x0000004c53000000) (1024K)]
  0x000001782dd021e0 JavaThread "Unconstrained build operations Thread 68"        [_thread_blocked, id=10212, stack(0x0000004c53000000,0x0000004c53100000) (1024K)]
  0x000001782dcfed60 JavaThread "Unconstrained build operations Thread 69"        [_thread_blocked, id=23024, stack(0x0000004c53100000,0x0000004c53200000) (1024K)]
  0x000001782dd02870 JavaThread "Unconstrained build operations Thread 70"        [_thread_blocked, id=12452, stack(0x0000004c53200000,0x0000004c53300000) (1024K)]
  0x000001782dd02f00 JavaThread "Unconstrained build operations Thread 71"        [_thread_blocked, id=25432, stack(0x0000004c53300000,0x0000004c53400000) (1024K)]
  0x000001782dd03590 JavaThread "Unconstrained build operations Thread 72"        [_thread_blocked, id=24764, stack(0x0000004c53400000,0x0000004c53500000) (1024K)]
  0x000001782dd03c20 JavaThread "Unconstrained build operations Thread 73"        [_thread_blocked, id=14424, stack(0x0000004c53500000,0x0000004c53600000) (1024K)]
  0x000001782dd042b0 JavaThread "Unconstrained build operations Thread 74"        [_thread_blocked, id=1644, stack(0x0000004c53600000,0x0000004c53700000) (1024K)]
  0x000001782d105960 JavaThread "Unconstrained build operations Thread 75"        [_thread_blocked, id=17392, stack(0x0000004c53700000,0x0000004c53800000) (1024K)]
  0x000001782ef083c0 JavaThread "Unconstrained build operations Thread 76"        [_thread_blocked, id=7312, stack(0x0000004c53800000,0x0000004c53900000) (1024K)]
  0x000001782ef09e00 JavaThread "Unconstrained build operations Thread 77"        [_thread_blocked, id=17696, stack(0x0000004c53900000,0x0000004c53a00000) (1024K)]
  0x000001782ef076a0 JavaThread "Unconstrained build operations Thread 78"        [_thread_blocked, id=8072, stack(0x0000004c53a00000,0x0000004c53b00000) (1024K)]
  0x000001782ef07010 JavaThread "Unconstrained build operations Thread 79"        [_thread_blocked, id=4820, stack(0x0000004c53b00000,0x0000004c53c00000) (1024K)]
  0x000001782ef07d30 JavaThread "Unconstrained build operations Thread 80"        [_thread_blocked, id=8328, stack(0x0000004c53c00000,0x0000004c53d00000) (1024K)]
  0x000001782ef0d280 JavaThread "build event listener"              [_thread_blocked, id=21880, stack(0x0000004c53d00000,0x0000004c53e00000) (1024K)]
  0x000001782f7b33c0 JavaThread "jar transforms Thread 5"           [_thread_blocked, id=8172, stack(0x0000004c4f600000,0x0000004c4f700000) (1024K)]
  0x000001782f7b3a50 JavaThread "jar transforms Thread 6"           [_thread_blocked, id=18616, stack(0x0000004c54000000,0x0000004c54100000) (1024K)]
  0x000001782fbdf130 JavaThread "jar transforms Thread 7"           [_thread_blocked, id=24692, stack(0x0000004c54100000,0x0000004c54200000) (1024K)]
  0x000001782fbdd6f0 JavaThread "File lock release action executor Thread 2"        [_thread_blocked, id=18156, stack(0x0000004c54200000,0x0000004c54300000) (1024K)]
  0x000001782fbe3ff0 JavaThread "jar transforms Thread 8"           [_thread_blocked, id=22832, stack(0x0000004c54300000,0x0000004c54400000) (1024K)]
Total: 133

Other Threads:
=>0x00000177e130d710 VMThread "VM Thread"                           [id=5940, stack(0x0000004c4b600000,0x0000004c4b700000) (1024K)]
  0x00000177e12fc870 WatcherThread "VM Periodic Task Thread"        [id=15244, stack(0x0000004c4b500000,0x0000004c4b600000) (1024K)]
  0x00000177e1181920 WorkerThread "GC Thread#0"                     [id=2764, stack(0x0000004c4b000000,0x0000004c4b100000) (1024K)]
  0x00000178294030a0 WorkerThread "GC Thread#1"                     [id=18088, stack(0x0000004c4c000000,0x0000004c4c100000) (1024K)]
  0x000001782960e9d0 WorkerThread "GC Thread#2"                     [id=19688, stack(0x0000004c4c200000,0x0000004c4c300000) (1024K)]
  0x000001782960fd90 WorkerThread "GC Thread#3"                     [id=5496, stack(0x0000004c4c300000,0x0000004c4c400000) (1024K)]
  0x0000017829b1c550 WorkerThread "GC Thread#4"                     [id=23248, stack(0x0000004c4c500000,0x0000004c4c600000) (1024K)]
  0x0000017829a6c610 WorkerThread "GC Thread#5"                     [id=14024, stack(0x0000004c4c600000,0x0000004c4c700000) (1024K)]
  0x000001782a3b13b0 WorkerThread "GC Thread#6"                     [id=15104, stack(0x0000004c4d000000,0x0000004c4d100000) (1024K)]
  0x000001782a3afd90 WorkerThread "GC Thread#7"                     [id=13372, stack(0x0000004c4d100000,0x0000004c4d200000) (1024K)]
  0x00000177adb9d2f0 ConcurrentGCThread "G1 Main Marker"            [id=8788, stack(0x0000004c4b100000,0x0000004c4b200000) (1024K)]
  0x00000177adb9dd10 WorkerThread "G1 Conc#0"                       [id=21208, stack(0x0000004c4b200000,0x0000004c4b300000) (1024K)]
  0x000001782ae496b0 WorkerThread "G1 Conc#1"                       [id=16980, stack(0x0000004c4d600000,0x0000004c4d700000) (1024K)]
  0x00000177adbc7500 ConcurrentGCThread "G1 Refine#0"               [id=372, stack(0x0000004c4b300000,0x0000004c4b400000) (1024K)]
  0x00000177e11d4c40 ConcurrentGCThread "G1 Service"                [id=13800, stack(0x0000004c4b400000,0x0000004c4b500000) (1024K)]
Total: 15

Threads with active compile tasks:
C2 CompilerThread0  271459 16286       4       org.gradle.cache.internal.InMemoryDecoratedCache::putLater (24 bytes)
Total: 1

VM state: at safepoint (normal execution)

VM Mutex/Monitor currently owned by a thread:  ([mutex/lock_event])
[0x00007fff9e334888] Threads_lock - owner thread: 0x00000177e130d710
[0x00007fff9e334988] Heap_lock - owner thread: 0x000001782a9d7ee0

Heap address: 0x0000000600000000, size: 8192 MB, Compressed Oops mode: Zero based, Oop shift amount: 3

CDS archive(s) mapped at: [0x00000177e4000000-0x00000177e4d70000-0x00000177e4d70000), size 14090240, SharedBaseAddress: 0x00000177e4000000, ArchiveRelocationMode: 1.
Compressed class space mapped at: 0x00000177e5000000-0x0000017825000000, reserved size: 1073741824
Narrow klass base: 0x00000177e4000000, Narrow klass shift: 0, Narrow klass range: 0x41000000

GC Precious Log:
 CardTable entry size: 512
 Card Set container configuration: InlinePtr #cards 4 size 8 Array Of Cards #cards 32 size 80 Howl #buckets 8 coarsen threshold 7372 Howl Bitmap #cards 1024 size 144 coarsen threshold 921 Card regions per heap region 1 cards per card region 8192
 CPUs: 8 total, 8 available
 Memory: 7412M
 Large Page Support: Disabled
 NUMA Support: Disabled
 Compressed Oops: Enabled (Zero based)
 Heap Region Size: 4M
 Heap Min Capacity: 8M
 Heap Initial Capacity: 116M
 Heap Max Capacity: 8G
 Pre-touch: Disabled
 Parallel Workers: 8
 Concurrent Workers: 2
 Concurrent Refinement Workers: 8
 Periodic GC: Disabled

Heap:
 garbage-first heap   total reserved 8388608K, committed 487424K, used 194363K [0x0000000600000000, 0x0000000800000000)
  region size 4096K, 1 young (4096K), 1 survivors (4096K)
 Metaspace       used 104416K, committed 107072K, reserved 1179648K
  class space    used 15159K, committed 16384K, reserved 1048576K

Heap Regions: E=young(eden), S=young(survivor), O=old, HS=humongous(starts), HC=humongous(continues), CS=collection set, F=free, TAMS=top-at-mark-start, PB=parsable bottom
|   0|0x0000000600000000, 0x0000000600400000, 0x0000000600400000|100%|HS|  |TAMS 0x0000000600400000| PB 0x0000000600000000| Complete |  0
|   1|0x0000000600400000, 0x0000000600800000, 0x0000000600800000|100%| O|  |TAMS 0x0000000600800000| PB 0x0000000600400000| Untracked |  0
|   2|0x0000000600800000, 0x0000000600c00000, 0x0000000600c00000|100%| O|  |TAMS 0x0000000600c00000| PB 0x0000000600800000| Untracked |  0
|   3|0x0000000600c00000, 0x0000000601000000, 0x0000000601000000|100%| O|  |TAMS 0x0000000601000000| PB 0x0000000600c00000| Untracked |  0
|   4|0x0000000601000000, 0x0000000601400000, 0x0000000601400000|100%| O|  |TAMS 0x0000000601400000| PB 0x0000000601000000| Untracked |  0
|   5|0x0000000601400000, 0x0000000601800000, 0x0000000601800000|100%| O|  |TAMS 0x0000000601800000| PB 0x0000000601400000| Untracked |  0
|   6|0x0000000601800000, 0x0000000601c00000, 0x0000000601c00000|100%| O|  |TAMS 0x0000000601c00000| PB 0x0000000601800000| Untracked |  0
|   7|0x0000000601c00000, 0x0000000602000000, 0x0000000602000000|100%| O|  |TAMS 0x0000000602000000| PB 0x0000000601c00000| Untracked |  0
|   8|0x0000000602000000, 0x0000000602400000, 0x0000000602400000|100%| O|  |TAMS 0x0000000602400000| PB 0x0000000602000000| Untracked |  0
|   9|0x0000000602400000, 0x0000000602800000, 0x0000000602800000|100%| O|  |TAMS 0x0000000602800000| PB 0x0000000602400000| Untracked |  0
|  10|0x0000000602800000, 0x0000000602c00000, 0x0000000602c00000|100%| O|  |TAMS 0x0000000602c00000| PB 0x0000000602800000| Untracked |  0
|  11|0x0000000602c00000, 0x0000000603000000, 0x0000000603000000|100%|HS|  |TAMS 0x0000000603000000| PB 0x0000000602c00000| Complete |  0
|  12|0x0000000603000000, 0x0000000603400000, 0x0000000603400000|100%|HS|  |TAMS 0x0000000603400000| PB 0x0000000603000000| Complete |  0
|  13|0x0000000603400000, 0x0000000603800000, 0x0000000603800000|100%| O|  |TAMS 0x0000000603800000| PB 0x0000000603400000| Untracked |  0
|  14|0x0000000603800000, 0x0000000603c00000, 0x0000000603c00000|100%| O|  |TAMS 0x0000000603c00000| PB 0x0000000603800000| Untracked |  0
|  15|0x0000000603c00000, 0x0000000604000000, 0x0000000604000000|100%| O|  |TAMS 0x0000000604000000| PB 0x0000000603c00000| Untracked |  0
|  16|0x0000000604000000, 0x0000000604400000, 0x0000000604400000|100%|HS|  |TAMS 0x0000000604400000| PB 0x0000000604000000| Complete |  0
|  17|0x0000000604400000, 0x0000000604800000, 0x0000000604800000|100%| O|  |TAMS 0x0000000604800000| PB 0x0000000604400000| Untracked |  0
|  18|0x0000000604800000, 0x0000000604c00000, 0x0000000604c00000|100%| O|  |TAMS 0x0000000604c00000| PB 0x0000000604800000| Untracked |  0
|  19|0x0000000604c00000, 0x0000000605000000, 0x0000000605000000|100%| O|  |TAMS 0x0000000605000000| PB 0x0000000604c00000| Untracked |  0
|  20|0x0000000605000000, 0x0000000605400000, 0x0000000605400000|100%| O|  |TAMS 0x0000000605400000| PB 0x0000000605000000| Untracked |  0
|  21|0x0000000605400000, 0x0000000605800000, 0x0000000605800000|100%| O|  |TAMS 0x0000000605800000| PB 0x0000000605400000| Untracked |  0
|  22|0x0000000605800000, 0x0000000605c00000, 0x0000000605c00000|100%| O|  |TAMS 0x0000000605c00000| PB 0x0000000605800000| Untracked |  0
|  23|0x0000000605c00000, 0x0000000606000000, 0x0000000606000000|100%| O|  |TAMS 0x0000000606000000| PB 0x0000000605c00000| Untracked |  0
|  24|0x0000000606000000, 0x0000000606400000, 0x0000000606400000|100%| O|  |TAMS 0x0000000606400000| PB 0x0000000606000000| Untracked |  0
|  25|0x0000000606400000, 0x0000000606800000, 0x0000000606800000|100%| O|  |TAMS 0x0000000606800000| PB 0x0000000606400000| Untracked |  0
|  26|0x0000000606800000, 0x0000000606c00000, 0x0000000606c00000|100%| O|  |TAMS 0x0000000606c00000| PB 0x0000000606800000| Untracked |  0
|  27|0x0000000606c00000, 0x0000000607000000, 0x0000000607000000|100%| O|  |TAMS 0x0000000607000000| PB 0x0000000606c00000| Untracked |  0
|  28|0x0000000607000000, 0x0000000607400000, 0x0000000607400000|100%| O|  |TAMS 0x0000000607400000| PB 0x0000000607000000| Untracked |  0
|  29|0x0000000607400000, 0x0000000607800000, 0x0000000607800000|100%| O|  |TAMS 0x0000000607800000| PB 0x0000000607400000| Untracked |  0
|  30|0x0000000607800000, 0x0000000607c00000, 0x0000000607c00000|100%| O|  |TAMS 0x0000000607800000| PB 0x0000000607800000| Untracked |  0
|  31|0x0000000607c00000, 0x0000000608000000, 0x0000000608000000|100%| O|  |TAMS 0x0000000608000000| PB 0x0000000607c00000| Untracked |  0
|  32|0x0000000608000000, 0x0000000608400000, 0x0000000608400000|100%| O|  |TAMS 0x0000000608400000| PB 0x0000000608000000| Untracked |  0
|  33|0x0000000608400000, 0x0000000608800000, 0x0000000608800000|100%| O|  |TAMS 0x0000000608800000| PB 0x0000000608400000| Untracked |  0
|  34|0x0000000608800000, 0x0000000608c00000, 0x0000000608c00000|100%| O|  |TAMS 0x0000000608c00000| PB 0x0000000608800000| Untracked |  0
|  35|0x0000000608c00000, 0x0000000609000000, 0x0000000609000000|100%| O|  |TAMS 0x0000000609000000| PB 0x0000000608c00000| Untracked |  0
|  36|0x0000000609000000, 0x0000000609400000, 0x0000000609400000|100%| O|  |TAMS 0x0000000609400000| PB 0x0000000609000000| Untracked |  0
|  37|0x0000000609400000, 0x0000000609800000, 0x0000000609800000|100%| O|  |TAMS 0x0000000609800000| PB 0x0000000609400000| Untracked |  0
|  38|0x0000000609800000, 0x0000000609c00000, 0x0000000609c00000|100%| O|  |TAMS 0x0000000609c00000| PB 0x0000000609800000| Untracked |  0
|  39|0x0000000609c00000, 0x000000060a000000, 0x000000060a000000|100%| O|  |TAMS 0x000000060a000000| PB 0x0000000609c00000| Untracked |  0
|  40|0x000000060a000000, 0x000000060a400000, 0x000000060a400000|100%| O|  |TAMS 0x000000060a000000| PB 0x000000060a000000| Untracked |  0
|  41|0x000000060a400000, 0x000000060a800000, 0x000000060a800000|100%| O|  |TAMS 0x000000060a800000| PB 0x000000060a400000| Untracked |  0
|  42|0x000000060a800000, 0x000000060ac00000, 0x000000060ac00000|100%| O|  |TAMS 0x000000060ac00000| PB 0x000000060a800000| Untracked |  0
|  43|0x000000060ac00000, 0x000000060b000000, 0x000000060b000000|100%| O|  |TAMS 0x000000060b000000| PB 0x000000060ac00000| Untracked |  0
|  44|0x000000060b000000, 0x000000060b400000, 0x000000060b400000|100%| O|  |TAMS 0x000000060b400000| PB 0x000000060b000000| Untracked |  0
|  45|0x000000060b400000, 0x000000060b800000, 0x000000060b800000|100%| O|  |TAMS 0x000000060b49ea00| PB 0x000000060b400000| Untracked |  0
|  46|0x000000060b800000, 0x000000060bb04550, 0x000000060bc00000| 75%| O|  |TAMS 0x000000060b800000| PB 0x000000060b800000| Untracked |  0
|  47|0x000000060bc00000, 0x000000060bc00000, 0x000000060c000000|  0%| F|  |TAMS 0x000000060bc00000| PB 0x000000060bc00000| Untracked |  0
|  48|0x000000060c000000, 0x000000060c000000, 0x000000060c400000|  0%| F|  |TAMS 0x000000060c000000| PB 0x000000060c000000| Untracked |  0
|  49|0x000000060c400000, 0x000000060c400000, 0x000000060c800000|  0%| F|  |TAMS 0x000000060c400000| PB 0x000000060c400000| Untracked |  0
|  50|0x000000060c800000, 0x000000060c800000, 0x000000060cc00000|  0%| F|  |TAMS 0x000000060c800000| PB 0x000000060c800000| Untracked |  0
|  51|0x000000060cc00000, 0x000000060cc00000, 0x000000060d000000|  0%| F|  |TAMS 0x000000060cc00000| PB 0x000000060cc00000| Untracked |  0
|  52|0x000000060d000000, 0x000000060d000000, 0x000000060d400000|  0%| F|  |TAMS 0x000000060d000000| PB 0x000000060d000000| Untracked |  0
|  53|0x000000060d400000, 0x000000060d400000, 0x000000060d800000|  0%| F|  |TAMS 0x000000060d400000| PB 0x000000060d400000| Untracked |  0
|  54|0x000000060d800000, 0x000000060d800000, 0x000000060dc00000|  0%| F|  |TAMS 0x000000060d800000| PB 0x000000060d800000| Untracked |  0
|  55|0x000000060dc00000, 0x000000060dc00000, 0x000000060e000000|  0%| F|  |TAMS 0x000000060dc00000| PB 0x000000060dc00000| Untracked |  0
|  56|0x000000060e000000, 0x000000060e000000, 0x000000060e400000|  0%| F|  |TAMS 0x000000060e000000| PB 0x000000060e000000| Untracked |  0
|  57|0x000000060e400000, 0x000000060e400000, 0x000000060e800000|  0%| F|  |TAMS 0x000000060e400000| PB 0x000000060e400000| Untracked |  0
|  58|0x000000060e800000, 0x000000060e800000, 0x000000060ec00000|  0%| F|  |TAMS 0x000000060e800000| PB 0x000000060e800000| Untracked |  0
|  59|0x000000060ec00000, 0x000000060ec00000, 0x000000060f000000|  0%| F|  |TAMS 0x000000060ec00000| PB 0x000000060ec00000| Untracked |  0
|  60|0x000000060f000000, 0x000000060f000000, 0x000000060f400000|  0%| F|  |TAMS 0x000000060f000000| PB 0x000000060f000000| Untracked |  0
|  61|0x000000060f400000, 0x000000060f400000, 0x000000060f800000|  0%| F|  |TAMS 0x000000060f400000| PB 0x000000060f400000| Untracked |  0
|  62|0x000000060f800000, 0x000000060f800000, 0x000000060fc00000|  0%| F|  |TAMS 0x000000060f800000| PB 0x000000060f800000| Untracked |  0
|  63|0x000000060fc00000, 0x000000060fc00000, 0x0000000610000000|  0%| F|  |TAMS 0x000000060fc00000| PB 0x000000060fc00000| Untracked |  0
|  64|0x0000000610000000, 0x0000000610000000, 0x0000000610400000|  0%| F|  |TAMS 0x0000000610000000| PB 0x0000000610000000| Untracked |  0
|  65|0x0000000610400000, 0x0000000610400000, 0x0000000610800000|  0%| F|  |TAMS 0x0000000610400000| PB 0x0000000610400000| Untracked |  0
|  66|0x0000000610800000, 0x0000000610800000, 0x0000000610c00000|  0%| F|  |TAMS 0x0000000610800000| PB 0x0000000610800000| Untracked |  0
|  67|0x0000000610c00000, 0x0000000610c00000, 0x0000000611000000|  0%| F|  |TAMS 0x0000000610c00000| PB 0x0000000610c00000| Untracked |  0
|  68|0x0000000611000000, 0x0000000611000000, 0x0000000611400000|  0%| F|  |TAMS 0x0000000611000000| PB 0x0000000611000000| Untracked |  0
|  69|0x0000000611400000, 0x0000000611400000, 0x0000000611800000|  0%| F|  |TAMS 0x0000000611400000| PB 0x0000000611400000| Untracked |  0
|  70|0x0000000611800000, 0x0000000611800000, 0x0000000611c00000|  0%| F|  |TAMS 0x0000000611800000| PB 0x0000000611800000| Untracked |  0
|  71|0x0000000611c00000, 0x0000000611c00000, 0x0000000612000000|  0%| F|  |TAMS 0x0000000611c00000| PB 0x0000000611c00000| Untracked |  0
|  72|0x0000000612000000, 0x0000000612000000, 0x0000000612400000|  0%| F|  |TAMS 0x0000000612000000| PB 0x0000000612000000| Untracked |  0
|  73|0x0000000612400000, 0x0000000612400000, 0x0000000612800000|  0%| F|  |TAMS 0x0000000612400000| PB 0x0000000612400000| Untracked |  0
|  74|0x0000000612800000, 0x0000000612800000, 0x0000000612c00000|  0%| F|  |TAMS 0x0000000612800000| PB 0x0000000612800000| Untracked |  0
|  75|0x0000000612c00000, 0x0000000612c00000, 0x0000000613000000|  0%| F|  |TAMS 0x0000000612c00000| PB 0x0000000612c00000| Untracked |  0
|  76|0x0000000613000000, 0x0000000613000000, 0x0000000613400000|  0%| F|  |TAMS 0x0000000613000000| PB 0x0000000613000000| Untracked |  0
|  77|0x0000000613400000, 0x0000000613400000, 0x0000000613800000|  0%| F|  |TAMS 0x0000000613400000| PB 0x0000000613400000| Untracked |  0
|  78|0x0000000613800000, 0x0000000613800000, 0x0000000613c00000|  0%| F|  |TAMS 0x0000000613800000| PB 0x0000000613800000| Untracked |  0
|  79|0x0000000613c00000, 0x0000000613c00000, 0x0000000614000000|  0%| F|  |TAMS 0x0000000613c00000| PB 0x0000000613c00000| Untracked |  0
|  80|0x0000000614000000, 0x0000000614000000, 0x0000000614400000|  0%| F|  |TAMS 0x0000000614000000| PB 0x0000000614000000| Untracked |  0
|  81|0x0000000614400000, 0x0000000614400000, 0x0000000614800000|  0%| F|  |TAMS 0x0000000614400000| PB 0x0000000614400000| Untracked |  0
|  82|0x0000000614800000, 0x0000000614800000, 0x0000000614c00000|  0%| F|  |TAMS 0x0000000614800000| PB 0x0000000614800000| Untracked |  0
|  83|0x0000000614c00000, 0x0000000614c00000, 0x0000000615000000|  0%| F|  |TAMS 0x0000000614c00000| PB 0x0000000614c00000| Untracked |  0
|  84|0x0000000615000000, 0x0000000615000000, 0x0000000615400000|  0%| F|  |TAMS 0x0000000615000000| PB 0x0000000615000000| Untracked |  0
|  85|0x0000000615400000, 0x0000000615400000, 0x0000000615800000|  0%| F|  |TAMS 0x0000000615400000| PB 0x0000000615400000| Untracked |  0
|  86|0x0000000615800000, 0x0000000615800000, 0x0000000615c00000|  0%| F|  |TAMS 0x0000000615800000| PB 0x0000000615800000| Untracked |  0
|  87|0x0000000615c00000, 0x0000000615c00000, 0x0000000616000000|  0%| F|  |TAMS 0x0000000615c00000| PB 0x0000000615c00000| Untracked |  0
|  88|0x0000000616000000, 0x0000000616000000, 0x0000000616400000|  0%| F|  |TAMS 0x0000000616000000| PB 0x0000000616000000| Untracked |  0
|  89|0x0000000616400000, 0x0000000616400000, 0x0000000616800000|  0%| F|  |TAMS 0x0000000616400000| PB 0x0000000616400000| Untracked |  0
|  90|0x0000000616800000, 0x0000000616800000, 0x0000000616c00000|  0%| F|  |TAMS 0x0000000616800000| PB 0x0000000616800000| Untracked |  0
|  91|0x0000000616c00000, 0x0000000616c00000, 0x0000000617000000|  0%| F|  |TAMS 0x0000000616c00000| PB 0x0000000616c00000| Untracked |  0
|  92|0x0000000617000000, 0x0000000617000000, 0x0000000617400000|  0%| F|  |TAMS 0x0000000617000000| PB 0x0000000617000000| Untracked |  0
|  93|0x0000000617400000, 0x0000000617400000, 0x0000000617800000|  0%| F|  |TAMS 0x0000000617400000| PB 0x0000000617400000| Untracked |  0
|  94|0x0000000617800000, 0x0000000617800000, 0x0000000617c00000|  0%| F|  |TAMS 0x0000000617800000| PB 0x0000000617800000| Untracked |  0
|  95|0x0000000617c00000, 0x0000000617c00000, 0x0000000618000000|  0%| F|  |TAMS 0x0000000617c00000| PB 0x0000000617c00000| Untracked |  0
|  96|0x0000000618000000, 0x0000000618000000, 0x0000000618400000|  0%| F|  |TAMS 0x0000000618000000| PB 0x0000000618000000| Untracked |  0
|  97|0x0000000618400000, 0x0000000618400000, 0x0000000618800000|  0%| F|  |TAMS 0x0000000618400000| PB 0x0000000618400000| Untracked |  0
|  98|0x0000000618800000, 0x0000000618800000, 0x0000000618c00000|  0%| F|  |TAMS 0x0000000618800000| PB 0x0000000618800000| Untracked |  0
|  99|0x0000000618c00000, 0x0000000618c00000, 0x0000000619000000|  0%| F|  |TAMS 0x0000000618c00000| PB 0x0000000618c00000| Untracked |  0
| 100|0x0000000619000000, 0x0000000619000000, 0x0000000619400000|  0%| F|  |TAMS 0x0000000619000000| PB 0x0000000619000000| Untracked |  0
| 101|0x0000000619400000, 0x0000000619400000, 0x0000000619800000|  0%| F|  |TAMS 0x0000000619400000| PB 0x0000000619400000| Untracked |  0
| 102|0x0000000619800000, 0x0000000619800000, 0x0000000619c00000|  0%| F|  |TAMS 0x0000000619800000| PB 0x0000000619800000| Untracked |  0
| 103|0x0000000619c00000, 0x0000000619c00000, 0x000000061a000000|  0%| F|  |TAMS 0x0000000619c00000| PB 0x0000000619c00000| Untracked |  0
| 104|0x000000061a000000, 0x000000061a000000, 0x000000061a400000|  0%| F|  |TAMS 0x000000061a000000| PB 0x000000061a000000| Untracked |  0
| 105|0x000000061a400000, 0x000000061a400000, 0x000000061a800000|  0%| F|  |TAMS 0x000000061a400000| PB 0x000000061a400000| Untracked |  0
| 106|0x000000061a800000, 0x000000061a800000, 0x000000061ac00000|  0%| F|  |TAMS 0x000000061a800000| PB 0x000000061a800000| Untracked |  0
| 107|0x000000061ac00000, 0x000000061ac00000, 0x000000061b000000|  0%| F|  |TAMS 0x000000061ac00000| PB 0x000000061ac00000| Untracked |  0
| 108|0x000000061b000000, 0x000000061b000000, 0x000000061b400000|  0%| F|  |TAMS 0x000000061b000000| PB 0x000000061b000000| Untracked |  0
| 109|0x000000061b400000, 0x000000061b400000, 0x000000061b800000|  0%| F|  |TAMS 0x000000061b400000| PB 0x000000061b400000| Untracked |  0
| 110|0x000000061b800000, 0x000000061b800000, 0x000000061bc00000|  0%| F|  |TAMS 0x000000061b800000| PB 0x000000061b800000| Untracked |  0
| 111|0x000000061bc00000, 0x000000061bc00000, 0x000000061c000000|  0%| F|  |TAMS 0x000000061bc00000| PB 0x000000061bc00000| Untracked |  0
| 112|0x000000061c000000, 0x000000061c000000, 0x000000061c400000|  0%| F|  |TAMS 0x000000061c000000| PB 0x000000061c000000| Untracked |  0
| 113|0x000000061c400000, 0x000000061c6ca9f8, 0x000000061c800000| 69%| S|CS|TAMS 0x000000061c400000| PB 0x000000061c400000| Complete |  0
| 114|0x000000061c800000, 0x000000061c800000, 0x000000061cc00000|  0%| F|  |TAMS 0x000000061c800000| PB 0x000000061c800000| Untracked |  0
| 115|0x000000061cc00000, 0x000000061cc00000, 0x000000061d000000|  0%| F|  |TAMS 0x000000061cc00000| PB 0x000000061cc00000| Untracked |  0
| 116|0x000000061d000000, 0x000000061d000000, 0x000000061d400000|  0%| F|  |TAMS 0x000000061d000000| PB 0x000000061d000000| Untracked |  0
| 117|0x000000061d400000, 0x000000061d400000, 0x000000061d800000|  0%| F|  |TAMS 0x000000061d400000| PB 0x000000061d400000| Untracked |  0
| 118|0x000000061d800000, 0x000000061d800000, 0x000000061dc00000|  0%| F|  |TAMS 0x000000061d800000| PB 0x000000061d800000| Untracked |  0

Card table byte_map: [0x00000177d80b0000,0x00000177d90b0000] _byte_map_base: 0x00000177d50b0000

Marking Bits: (CMBitMap*) 0x00000177adb889b0
 Bits: [0x00000177d90b0000, 0x00000177e10b0000)

Polling page: 0x00000177ac2e0000

Metaspace:

Usage:
  Non-class:     87.16 MB used.
      Class:     14.80 MB used.
       Both:    101.97 MB used.

Virtual space:
  Non-class space:      128.00 MB reserved,      88.56 MB ( 69%) committed,  2 nodes.
      Class space:        1.00 GB reserved,      16.00 MB (  2%) committed,  1 nodes.
             Both:        1.12 GB reserved,     104.56 MB (  9%) committed. 

Chunk freelists:
   Non-Class:  6.48 MB
       Class:  2.00 KB
        Both:  6.49 MB

MaxMetaspaceSize: 4.00 GB
CompressedClassSpaceSize: 1.00 GB
Initial GC threshold: 21.00 MB
Current GC threshold: 173.75 MB
CDS: on
 - commit_granule_bytes: 65536.
 - commit_granule_words: 8192.
 - virtual_space_node_default_size: 8388608.
 - enlarge_chunks_in_place: 1.
 - use_allocation_guard: 0.


Internal statistics:

num_allocs_failed_limit: 6.
num_arena_births: 4308.
num_arena_deaths: 0.
num_vsnodes_births: 3.
num_vsnodes_deaths: 0.
num_space_committed: 1673.
num_space_uncommitted: 0.
num_chunks_returned_to_freelist: 6.
num_chunks_taken_from_freelist: 8980.
num_chunk_merges: 6.
num_chunk_splits: 5955.
num_chunks_enlarged: 3870.
num_inconsistent_stats: 0.

CodeHeap 'non-profiled nmethods': size=259328Kb used=7547Kb max_used=7547Kb free=251780Kb
 bounds [0x00000177c66f0000, 0x00000177c6e50000, 0x00000177d6430000]
CodeHeap 'profiled nmethods': size=259264Kb used=19389Kb max_used=19389Kb free=239875Kb
 bounds [0x00000177b6430000, 0x00000177b7720000, 0x00000177c6160000]
CodeHeap 'non-nmethods': size=5696Kb used=2908Kb max_used=2958Kb free=2787Kb
 bounds [0x00000177c6160000, 0x00000177c6450000, 0x00000177c66f0000]
CodeCache: size=524288Kb, used=29844Kb, max_used=29894Kb, free=494442Kb
 total_blobs=14363, nmethods=13335, adapters=933, full_count=0
Compilation: enabled, stopped_count=0, restarted_count=0

Compilation events (20 events):
Event: 260.155 Thread 0x00000177e1332d10 nmethod 16276 0x00000177c6e49108 code [0x00000177c6e49200, 0x00000177c6e49300]
Event: 260.174 Thread 0x00000177e1332d10 16277       4       java.util.stream.ReferencePipeline$7$1FlatMap::begin (13 bytes)
Event: 260.202 Thread 0x00000177e1332d10 nmethod 16277 0x00000177c6e49408 code [0x00000177c6e49520, 0x00000177c6e49730]
Event: 260.202 Thread 0x00000177e1332d10 16278       4       java.util.stream.ReferencePipeline$7$1FlatMap::end (10 bytes)
Event: 260.203 Thread 0x00000177e1332d10 nmethod 16278 0x00000177c6e49788 code [0x00000177c6e498a0, 0x00000177c6e49990]
Event: 260.334 Thread 0x00000177e1332d10 16279       4       org.gradle.internal.snapshot.SingletonChildMap$2::withReplacedChild (10 bytes)
Event: 260.355 Thread 0x00000177e1332d10 nmethod 16279 0x00000177c6e49a88 code [0x00000177c6e49bc0, 0x00000177c6e49fe0]
Event: 260.481 Thread 0x00000177e3bc8d10 16280       3       java.lang.management.ManagementFactory::getPlatformMXBeans (57 bytes)
Event: 260.482 Thread 0x00000177e1332d10 16283       4       org.gradle.internal.snapshot.AbstractListChildMap::withNewChild (36 bytes)
Event: 260.486 Thread 0x00000177e3bc8d10 nmethod 16280 0x00000177b771c908 code [0x00000177b771cb60, 0x00000177b771db28]
Event: 260.486 Thread 0x00000177e3bc8d10 16281       3       java.lang.management.ManagementFactory$PlatformMBeanFinder::findFirst (52 bytes)
Event: 260.489 Thread 0x00000177e3bc8d10 nmethod 16281 0x00000177b771dc08 code [0x00000177b771de60, 0x00000177b771f000]
Event: 260.489 Thread 0x00000177e3bc8d10 16282       3       java.lang.management.ManagementFactory$PlatformMBeanFinder$$Lambda/0x00000177e507cbc0::<init> (10 bytes)
Event: 260.489 Thread 0x00000177e3bc8d10 nmethod 16282 0x00000177b771f108 code [0x00000177b771f220, 0x00000177b771f3e0]
Event: 260.507 Thread 0x00000177e1332d10 nmethod 16283 0x00000177c6e4a088 code [0x00000177c6e4a260, 0x00000177c6e4b298]
Event: 260.692 Thread 0x00000177e1332d10 16284       4       java.io.DataOutputStream::writeInt (28 bytes)
Event: 260.706 Thread 0x00000177e1332d10 nmethod 16284 0x00000177c6e4b408 code [0x00000177c6e4b5c0, 0x00000177c6e4c108]
Event: 260.759 Thread 0x00000177e1332d10 16285   !   4       org.gradle.internal.vfs.impl.AbstractVirtualFileSystem::underLock (34 bytes)
Event: 261.024 Thread 0x00000177e1332d10 nmethod 16285 0x00000177c6e4c288 code [0x00000177c6e4c600, 0x00000177c6e4eab8]
Event: 261.025 Thread 0x00000177e1332d10 16286       4       org.gradle.cache.internal.InMemoryDecoratedCache::putLater (24 bytes)

GC Heap History (20 events):
Event: 216.007 GC heap after
{Heap after GC invocations=71 (full 0):
 garbage-first heap   total reserved 8388608K, committed 294912K, used 174981K [0x0000000600000000, 0x0000000800000000)
  region size 4096K, 2 young (8192K), 2 survivors (8192K)
 Metaspace       used 103759K, committed 106368K, reserved 1179648K
  class space    used 15088K, committed 16320K, reserved 1048576K
}
Event: 217.367 GC heap before
{Heap before GC invocations=71 (full 0):
 garbage-first heap   total reserved 8388608K, committed 294912K, used 252805K [0x0000000600000000, 0x0000000800000000)
  region size 4096K, 22 young (90112K), 2 survivors (8192K)
 Metaspace       used 103764K, committed 106432K, reserved 1179648K
  class space    used 15088K, committed 16320K, reserved 1048576K
}
Event: 217.487 GC heap after
{Heap after GC invocations=72 (full 0):
 garbage-first heap   total reserved 8388608K, committed 294912K, used 178603K [0x0000000600000000, 0x0000000800000000)
  region size 4096K, 2 young (8192K), 2 survivors (8192K)
 Metaspace       used 103764K, committed 106432K, reserved 1179648K
  class space    used 15088K, committed 16320K, reserved 1048576K
}
Event: 226.038 GC heap before
{Heap before GC invocations=72 (full 0):
 garbage-first heap   total reserved 8388608K, committed 294912K, used 256427K [0x0000000600000000, 0x0000000800000000)
  region size 4096K, 21 young (86016K), 2 survivors (8192K)
 Metaspace       used 103948K, committed 106560K, reserved 1179648K
  class space    used 15105K, committed 16320K, reserved 1048576K
}
Event: 226.333 GC heap after
{Heap after GC invocations=73 (full 0):
 garbage-first heap   total reserved 8388608K, committed 294912K, used 182034K [0x0000000600000000, 0x0000000800000000)
  region size 4096K, 3 young (12288K), 3 survivors (12288K)
 Metaspace       used 103948K, committed 106560K, reserved 1179648K
  class space    used 15105K, committed 16320K, reserved 1048576K
}
Event: 228.079 GC heap before
{Heap before GC invocations=73 (full 0):
 garbage-first heap   total reserved 8388608K, committed 294912K, used 251666K [0x0000000600000000, 0x0000000800000000)
  region size 4096K, 21 young (86016K), 3 survivors (12288K)
 Metaspace       used 103958K, committed 106560K, reserved 1179648K
  class space    used 15105K, committed 16320K, reserved 1048576K
}
Event: 228.125 GC heap after
{Heap after GC invocations=74 (full 0):
 garbage-first heap   total reserved 8388608K, committed 294912K, used 183908K [0x0000000600000000, 0x0000000800000000)
  region size 4096K, 2 young (8192K), 2 survivors (8192K)
 Metaspace       used 103958K, committed 106560K, reserved 1179648K
  class space    used 15105K, committed 16320K, reserved 1048576K
}
Event: 242.646 GC heap before
{Heap before GC invocations=75 (full 0):
 garbage-first heap   total reserved 8388608K, committed 315392K, used 257636K [0x0000000600000000, 0x0000000800000000)
  region size 4096K, 21 young (86016K), 2 survivors (8192K)
 Metaspace       used 104107K, committed 106752K, reserved 1179648K
  class space    used 15121K, committed 16384K, reserved 1048576K
}
Event: 242.669 GC heap after
{Heap after GC invocations=76 (full 0):
 garbage-first heap   total reserved 8388608K, committed 315392K, used 187485K [0x0000000600000000, 0x0000000800000000)
  region size 4096K, 3 young (12288K), 3 survivors (12288K)
 Metaspace       used 104107K, committed 106752K, reserved 1179648K
  class space    used 15121K, committed 16384K, reserved 1048576K
}
Event: 248.129 GC heap before
{Heap before GC invocations=76 (full 0):
 garbage-first heap   total reserved 8388608K, committed 315392K, used 273501K [0x0000000600000000, 0x0000000800000000)
  region size 4096K, 25 young (102400K), 3 survivors (12288K)
 Metaspace       used 104217K, committed 106880K, reserved 1179648K
  class space    used 15135K, committed 16384K, reserved 1048576K
}
Event: 248.532 GC heap after
{Heap after GC invocations=77 (full 0):
 garbage-first heap   total reserved 8388608K, committed 315392K, used 184142K [0x0000000600000000, 0x0000000800000000)
  region size 4096K, 2 young (8192K), 2 survivors (8192K)
 Metaspace       used 104217K, committed 106880K, reserved 1179648K
  class space    used 15135K, committed 16384K, reserved 1048576K
}
Event: 258.126 GC heap before
{Heap before GC invocations=77 (full 0):
 garbage-first heap   total reserved 8388608K, committed 315392K, used 270158K [0x0000000600000000, 0x0000000800000000)
  region size 4096K, 24 young (98304K), 2 survivors (8192K)
 Metaspace       used 104413K, committed 107072K, reserved 1179648K
  class space    used 15159K, committed 16384K, reserved 1048576K
}
Event: 259.518 GC heap after
{Heap after GC invocations=78 (full 0):
 garbage-first heap   total reserved 8388608K, committed 487424K, used 192032K [0x0000000600000000, 0x0000000800000000)
  region size 4096K, 3 young (12288K), 3 survivors (12288K)
 Metaspace       used 104413K, committed 107072K, reserved 1179648K
  class space    used 15159K, committed 16384K, reserved 1048576K
}
Event: 259.636 GC heap before
{Heap before GC invocations=78 (full 0):
 garbage-first heap   total reserved 8388608K, committed 487424K, used 196128K [0x0000000600000000, 0x0000000800000000)
  region size 4096K, 5 young (20480K), 3 survivors (12288K)
 Metaspace       used 104414K, committed 107072K, reserved 1179648K
  class space    used 15159K, committed 16384K, reserved 1048576K
}
Event: 260.113 GC heap after
{Heap after GC invocations=79 (full 0):
 garbage-first heap   total reserved 8388608K, committed 487424K, used 193228K [0x0000000600000000, 0x0000000800000000)
  region size 4096K, 1 young (4096K), 1 survivors (4096K)
 Metaspace       used 104414K, committed 107072K, reserved 1179648K
  class space    used 15159K, committed 16384K, reserved 1048576K
}
Event: 260.576 GC heap before
{Heap before GC invocations=79 (full 0):
 garbage-first heap   total reserved 8388608K, committed 487424K, used 205516K [0x0000000600000000, 0x0000000800000000)
  region size 4096K, 5 young (20480K), 1 survivors (4096K)
 Metaspace       used 104416K, committed 107072K, reserved 1179648K
  class space    used 15159K, committed 16384K, reserved 1048576K
}
Event: 260.581 GC heap after
{Heap after GC invocations=80 (full 0):
 garbage-first heap   total reserved 8388608K, committed 487424K, used 193489K [0x0000000600000000, 0x0000000800000000)
  region size 4096K, 1 young (4096K), 1 survivors (4096K)
 Metaspace       used 104416K, committed 107072K, reserved 1179648K
  class space    used 15159K, committed 16384K, reserved 1048576K
}
Event: 260.859 GC heap before
{Heap before GC invocations=80 (full 0):
 garbage-first heap   total reserved 8388608K, committed 487424K, used 205777K [0x0000000600000000, 0x0000000800000000)
  region size 4096K, 5 young (20480K), 1 survivors (4096K)
 Metaspace       used 104416K, committed 107072K, reserved 1179648K
  class space    used 15159K, committed 16384K, reserved 1048576K
}
Event: 260.869 GC heap after
{Heap after GC invocations=81 (full 0):
 garbage-first heap   total reserved 8388608K, committed 487424K, used 193935K [0x0000000600000000, 0x0000000800000000)
  region size 4096K, 1 young (4096K), 1 survivors (4096K)
 Metaspace       used 104416K, committed 107072K, reserved 1179648K
  class space    used 15159K, committed 16384K, reserved 1048576K
}
Event: 261.036 GC heap before
{Heap before GC invocations=81 (full 0):
 garbage-first heap   total reserved 8388608K, committed 487424K, used 206223K [0x0000000600000000, 0x0000000800000000)
  region size 4096K, 5 young (20480K), 1 survivors (4096K)
 Metaspace       used 104416K, committed 107072K, reserved 1179648K
  class space    used 15159K, committed 16384K, reserved 1048576K
}

Dll operation events (15 events):
Event: 0.110 Loaded shared library C:\Program Files\Java\jdk-23\bin\java.dll
Event: 0.191 Loaded shared library C:\Program Files\Java\jdk-23\bin\jsvml.dll
Event: 0.334 Loaded shared library C:\Program Files\Java\jdk-23\bin\zip.dll
Event: 0.355 Loaded shared library C:\Program Files\Java\jdk-23\bin\instrument.dll
Event: 0.373 Loaded shared library C:\Program Files\Java\jdk-23\bin\net.dll
Event: 0.409 Loaded shared library C:\Program Files\Java\jdk-23\bin\nio.dll
Event: 0.415 Loaded shared library C:\Program Files\Java\jdk-23\bin\zip.dll
Event: 1.952 Loaded shared library C:\Program Files\Java\jdk-23\bin\jimage.dll
Event: 2.972 Loaded shared library C:\Program Files\Java\jdk-23\bin\verify.dll
Event: 3.781 Loaded shared library C:\Users\user\.gradle\native\c067742578af261105cb4f569cf0c3c89f3d7b1fecec35dd04571415982c5e48\windows-amd64\native-platform.dll
Event: 3.883 Loaded shared library C:\Users\user\.gradle\native\100fb08df4bc3b14c8652ba06237920a3bd2aa13389f12d3474272988ae205f9\windows-amd64\native-platform-file-events.dll
Event: 8.303 Loaded shared library C:\Program Files\Java\jdk-23\bin\management.dll
Event: 8.315 Loaded shared library C:\Program Files\Java\jdk-23\bin\management_ext.dll
Event: 9.467 Loaded shared library C:\Program Files\Java\jdk-23\bin\extnet.dll
Event: 9.974 Loaded shared library C:\Program Files\Java\jdk-23\bin\sunmscapi.dll

Deoptimization events (20 events):
Event: 226.375 Thread 0x000001782a9d8c00 DEOPT PACKING pc=0x00000177c68b5cf8 sp=0x0000004c4cfff0f0
Event: 226.376 Thread 0x000001782a9d8c00 DEOPT UNPACKING pc=0x00000177c61b4402 sp=0x0000004c4cfff080 mode 2
Event: 237.806 Thread 0x000001782a8ec8e0 Uncommon trap: trap_request=0xffffffd6 fr.pc=0x00000177c6c0249c relative=0x000000000000055c
Event: 237.806 Thread 0x000001782a8ec8e0 Uncommon trap: reason=array_check action=maybe_recompile pc=0x00000177c6c0249c method=java.util.HashMap.valuesToArray([Ljava/lang/Object;)[Ljava/lang/Object; @ 62 c2
Event: 237.806 Thread 0x000001782a8ec8e0 DEOPT PACKING pc=0x00000177c6c0249c sp=0x0000004c4ccf9630
Event: 237.822 Thread 0x000001782a8ec8e0 DEOPT UNPACKING pc=0x00000177c61b4402 sp=0x0000004c4ccf95d8 mode 2
Event: 246.049 Thread 0x000001782a8ec8e0 Uncommon trap: trap_request=0xffffffd6 fr.pc=0x00000177c679d1bc relative=0x000000000000049c
Event: 246.049 Thread 0x000001782a8ec8e0 Uncommon trap: reason=array_check action=maybe_recompile pc=0x00000177c679d1bc method=java.util.HashMap.valuesToArray([Ljava/lang/Object;)[Ljava/lang/Object; @ 62 c2
Event: 246.049 Thread 0x000001782a8ec8e0 DEOPT PACKING pc=0x00000177c679d1bc sp=0x0000004c4ccf9500
Event: 246.051 Thread 0x000001782a8ec8e0 DEOPT UNPACKING pc=0x00000177c61b4402 sp=0x0000004c4ccf9498 mode 2
Event: 251.946 Thread 0x000001782a8ec8e0 Uncommon trap: trap_request=0xffffffd6 fr.pc=0x00000177c679d1bc relative=0x000000000000049c
Event: 251.946 Thread 0x000001782a8ec8e0 Uncommon trap: reason=array_check action=maybe_recompile pc=0x00000177c679d1bc method=java.util.HashMap.valuesToArray([Ljava/lang/Object;)[Ljava/lang/Object; @ 62 c2
Event: 251.946 Thread 0x000001782a8ec8e0 DEOPT PACKING pc=0x00000177c679d1bc sp=0x0000004c4ccf9640
Event: 251.948 Thread 0x000001782a8ec8e0 DEOPT UNPACKING pc=0x00000177c61b4402 sp=0x0000004c4ccf95d8 mode 2
Event: 251.957 Thread 0x000001782a8ec8e0 DEOPT PACKING pc=0x00000177b65db7ff sp=0x0000004c4ccf98d0
Event: 251.957 Thread 0x000001782a8ec8e0 DEOPT UNPACKING pc=0x00000177c61b4b22 sp=0x0000004c4ccf8e20 mode 0
Event: 254.655 Thread 0x000001782a8ec8e0 Uncommon trap: trap_request=0xffffffd6 fr.pc=0x00000177c679d1bc relative=0x000000000000049c
Event: 254.655 Thread 0x000001782a8ec8e0 Uncommon trap: reason=array_check action=maybe_recompile pc=0x00000177c679d1bc method=java.util.HashMap.valuesToArray([Ljava/lang/Object;)[Ljava/lang/Object; @ 62 c2
Event: 254.655 Thread 0x000001782a8ec8e0 DEOPT PACKING pc=0x00000177c679d1bc sp=0x0000004c4ccf9500
Event: 254.655 Thread 0x000001782a8ec8e0 DEOPT UNPACKING pc=0x00000177c61b4402 sp=0x0000004c4ccf9498 mode 2

Classes loaded (20 events):
Event: 155.380 Loading class jdk/internal/reflect/MethodHandleBooleanFieldAccessorImpl
Event: 155.381 Loading class jdk/internal/reflect/MethodHandleBooleanFieldAccessorImpl done
Event: 162.763 Loading class java/util/regex/PatternBeanInfo
Event: 162.774 Loading class java/util/regex/PatternBeanInfo done
Event: 162.775 Loading class java/util/regex/PatternBeanInfo
Event: 162.775 Loading class java/util/regex/PatternBeanInfo done
Event: 162.775 Loading class java/util/regex/PatternCustomizer
Event: 162.781 Loading class java/util/regex/PatternCustomizer done
Event: 162.782 Loading class java/util/regex/PatternCustomizer
Event: 162.782 Loading class java/util/regex/PatternCustomizer done
Event: 162.806 Loading class java/util/regex/MatcherBeanInfo
Event: 162.810 Loading class java/util/regex/MatcherBeanInfo done
Event: 162.811 Loading class java/util/regex/MatcherBeanInfo
Event: 162.811 Loading class java/util/regex/MatcherBeanInfo done
Event: 162.812 Loading class java/util/regex/MatcherCustomizer
Event: 162.813 Loading class java/util/regex/MatcherCustomizer done
Event: 162.814 Loading class java/util/regex/MatcherCustomizer
Event: 162.814 Loading class java/util/regex/MatcherCustomizer done
Event: 202.928 Loading class java/beans/ParameterDescriptor
Event: 202.984 Loading class java/beans/ParameterDescriptor done

Classes unloaded (0 events):
No events

Classes redefined (0 events):
No events

Internal exceptions (20 events):
Event: 247.536 Thread 0x000001782a8ec8e0 Exception <a 'java/lang/NoClassDefFoundError'{0x000000060d5b43a8}: org/jetbrains/kotlin/gradle/plugin/KotlinBasePluginWrapper> (0x000000060d5b43a8) 
thrown [s\open\src\hotspot\share\oops\constantPool.cpp, line 867]
Event: 247.543 Thread 0x000001782a8ec8e0 Exception <a 'java/lang/NoClassDefFoundError'{0x000000060d5c59f8}: org/jetbrains/kotlin/gradle/plugin/KotlinBasePluginWrapper> (0x000000060d5c59f8) 
thrown [s\open\src\hotspot\share\oops\constantPool.cpp, line 867]
Event: 247.546 Thread 0x000001782a8ec8e0 Exception <a 'java/lang/NoClassDefFoundError'{0x000000060d6074a0}: org/jetbrains/kotlin/gradle/plugin/KotlinBasePluginWrapper> (0x000000060d6074a0) 
thrown [s\open\src\hotspot\share\oops\constantPool.cpp, line 867]
Event: 247.549 Thread 0x000001782a8ec8e0 Exception <a 'java/lang/NoClassDefFoundError'{0x000000060d617c10}: org/jetbrains/kotlin/gradle/plugin/KotlinBasePluginWrapper> (0x000000060d617c10) 
thrown [s\open\src\hotspot\share\oops\constantPool.cpp, line 867]
Event: 247.553 Thread 0x000001782a8ec8e0 Exception <a 'java/lang/NoClassDefFoundError'{0x000000060d62d3a8}: org/jetbrains/kotlin/gradle/plugin/KotlinBasePluginWrapper> (0x000000060d62d3a8) 
thrown [s\open\src\hotspot\share\oops\constantPool.cpp, line 867]
Event: 248.053 Thread 0x000001782a8ec8e0 Exception <a 'java/lang/NoClassDefFoundError'{0x000000060d3a8420}: org/jetbrains/kotlin/gradle/plugin/KotlinBasePluginWrapper> (0x000000060d3a8420) 
thrown [s\open\src\hotspot\share\oops\constantPool.cpp, line 867]
Event: 251.931 Thread 0x000001782a8ec8e0 Exception <a 'java/lang/ClassNotFoundException'{0x00000006132de210}: build_1asmiy2829xmybo5naovfhwcuBeanInfo> (0x00000006132de210) 
thrown [s\open\src\hotspot\share\classfile\systemDictionary.cpp, line 313]
Event: 251.946 Thread 0x000001782a8ec8e0 Exception <a 'java/lang/ClassNotFoundException'{0x00000006132e4b80}: build_1asmiy2829xmybo5naovfhwcuCustomizer> (0x00000006132e4b80) 
thrown [s\open\src\hotspot\share\classfile\systemDictionary.cpp, line 313]
Event: 254.654 Thread 0x000001782a8ec8e0 Exception <a 'java/lang/ClassNotFoundException'{0x0000000611db5830}: build_1asmiy2829xmybo5naovfhwcuBeanInfo> (0x0000000611db5830) 
thrown [s\open\src\hotspot\share\classfile\systemDictionary.cpp, line 313]
Event: 254.655 Thread 0x000001782a8ec8e0 Exception <a 'java/lang/ClassNotFoundException'{0x0000000611dbc140}: build_1asmiy2829xmybo5naovfhwcuCustomizer> (0x0000000611dbc140) 
thrown [s\open\src\hotspot\share\classfile\systemDictionary.cpp, line 313]
Event: 255.809 Thread 0x000001782a8ec8e0 Exception <a 'java/lang/NoClassDefFoundError'{0x0000000611972948}: org/jetbrains/kotlin/gradle/plugin/KotlinBasePluginWrapper> (0x0000000611972948) 
thrown [s\open\src\hotspot\share\oops\constantPool.cpp, line 867]
Event: 255.848 Thread 0x000001782a8ec8e0 Exception <a 'java/lang/NoClassDefFoundError'{0x0000000611988c80}: org/jetbrains/kotlin/gradle/plugin/KotlinBasePluginWrapper> (0x0000000611988c80) 
thrown [s\open\src\hotspot\share\oops\constantPool.cpp, line 867]
Event: 255.858 Thread 0x000001782a8ec8e0 Exception <a 'java/lang/NoClassDefFoundError'{0x00000006119995d8}: org/jetbrains/kotlin/gradle/plugin/KotlinBasePluginWrapper> (0x00000006119995d8) 
thrown [s\open\src\hotspot\share\oops\constantPool.cpp, line 867]
Event: 255.909 Thread 0x000001782a8ec8e0 Exception <a 'java/lang/NoClassDefFoundError'{0x00000006119ebfb8}: org/jetbrains/kotlin/gradle/plugin/KotlinBasePluginWrapper> (0x00000006119ebfb8) 
thrown [s\open\src\hotspot\share\oops\constantPool.cpp, line 867]
Event: 255.911 Thread 0x000001782a8ec8e0 Exception <a 'java/lang/NoClassDefFoundError'{0x0000000611a018a8}: org/jetbrains/kotlin/gradle/plugin/KotlinBasePluginWrapper> (0x0000000611a018a8) 
thrown [s\open\src\hotspot\share\oops\constantPool.cpp, line 867]
Event: 255.913 Thread 0x000001782a8ec8e0 Exception <a 'java/lang/NoClassDefFoundError'{0x0000000611a12010}: org/jetbrains/kotlin/gradle/plugin/KotlinBasePluginWrapper> (0x0000000611a12010) 
thrown [s\open\src\hotspot\share\oops\constantPool.cpp, line 867]
Event: 255.915 Thread 0x000001782a8ec8e0 Exception <a 'java/lang/NoClassDefFoundError'{0x0000000611a27aa8}: org/jetbrains/kotlin/gradle/plugin/KotlinBasePluginWrapper> (0x0000000611a27aa8) 
thrown [s\open\src\hotspot\share\oops\constantPool.cpp, line 867]
Event: 256.299 Thread 0x000001782a8ec8e0 Exception <a 'java/lang/NoClassDefFoundError'{0x00000006117b3d60}: org/jetbrains/kotlin/gradle/plugin/KotlinBasePluginWrapper> (0x00000006117b3d60) 
thrown [s\open\src\hotspot\share\oops\constantPool.cpp, line 867]
Event: 256.579 Thread 0x000001782a8ec8e0 Exception <a 'java/lang/ClassNotFoundException'{0x0000000611258078}: build_be18iylpoebx3yuu7hsnbtji3BeanInfo> (0x0000000611258078) 
thrown [s\open\src\hotspot\share\classfile\systemDictionary.cpp, line 313]
Event: 256.590 Thread 0x000001782a8ec8e0 Exception <a 'java/lang/ClassNotFoundException'{0x000000061125ec70}: build_be18iylpoebx3yuu7hsnbtji3Customizer> (0x000000061125ec70) 
thrown [s\open\src\hotspot\share\classfile\systemDictionary.cpp, line 313]

VM Operations (20 events):
Event: 232.181 Executing VM operation: G1PauseRemark done
Event: 232.356 Executing VM operation: G1PauseCleanup
Event: 232.356 Executing VM operation: G1PauseCleanup done
Event: 240.687 Executing VM operation: HandshakeAllThreads (HandshakeForDeflation)
Event: 240.687 Executing VM operation: HandshakeAllThreads (HandshakeForDeflation) done
Event: 240.687 Executing VM operation: RendezvousGCThreads
Event: 240.687 Executing VM operation: RendezvousGCThreads done
Event: 242.645 Executing VM operation: G1CollectForAllocation (G1 Evacuation Pause)
Event: 242.669 Executing VM operation: G1CollectForAllocation (G1 Evacuation Pause) done
Event: 248.115 Executing VM operation: G1CollectForAllocation (G1 Evacuation Pause)
Event: 248.534 Executing VM operation: G1CollectForAllocation (G1 Evacuation Pause) done
Event: 258.125 Executing VM operation: G1CollectForAllocation (G1 Evacuation Pause)
Event: 259.521 Executing VM operation: G1CollectForAllocation (G1 Evacuation Pause) done
Event: 259.636 Executing VM operation: G1CollectForAllocation (G1 Evacuation Pause)
Event: 260.114 Executing VM operation: G1CollectForAllocation (G1 Evacuation Pause) done
Event: 260.570 Executing VM operation: G1CollectForAllocation (G1 Evacuation Pause)
Event: 260.581 Executing VM operation: G1CollectForAllocation (G1 Evacuation Pause) done
Event: 260.850 Executing VM operation: G1CollectForAllocation (G1 Evacuation Pause)
Event: 260.869 Executing VM operation: G1CollectForAllocation (G1 Evacuation Pause) done
Event: 261.021 Executing VM operation: G1CollectForAllocation (G1 Evacuation Pause)

Memory protections (0 events):
No events

Nmethod flushes (20 events):
Event: 232.074 Thread 0x00000177e130d710 flushing  nmethod 0x00000177b6aa7288
Event: 232.075 Thread 0x00000177e130d710 flushing  nmethod 0x00000177b6aa8188
Event: 232.078 Thread 0x00000177e130d710 flushing  nmethod 0x00000177b6ae0908
Event: 232.078 Thread 0x00000177e130d710 flushing  nmethod 0x00000177b6b6bb08
Event: 232.080 Thread 0x00000177e130d710 flushing  nmethod 0x00000177b6b6c888
Event: 232.080 Thread 0x00000177e130d710 flushing  nmethod 0x00000177b6c61288
Event: 232.083 Thread 0x00000177e130d710 flushing  nmethod 0x00000177b6c8f188
Event: 232.083 Thread 0x00000177e130d710 flushing  nmethod 0x00000177b6cbb388
Event: 232.085 Thread 0x00000177e130d710 flushing  nmethod 0x00000177b6cbe088
Event: 232.087 Thread 0x00000177e130d710 flushing  nmethod 0x00000177b6cbe908
Event: 232.087 Thread 0x00000177e130d710 flushing  nmethod 0x00000177b6dc9008
Event: 232.090 Thread 0x00000177e130d710 flushing  nmethod 0x00000177b6dc9a88
Event: 232.090 Thread 0x00000177e130d710 flushing  nmethod 0x00000177b6e57188
Event: 232.090 Thread 0x00000177e130d710 flushing  nmethod 0x00000177b6e58688
Event: 232.097 Thread 0x00000177e130d710 flushing  nmethod 0x00000177b6ea5e08
Event: 232.099 Thread 0x00000177e130d710 flushing  nmethod 0x00000177b6f76708
Event: 232.100 Thread 0x00000177e130d710 flushing  nmethod 0x00000177b70cde88
Event: 232.101 Thread 0x00000177e130d710 flushing  nmethod 0x00000177b70d4508
Event: 232.101 Thread 0x00000177e130d710 flushing  nmethod 0x00000177b70d6608
Event: 232.101 Thread 0x00000177e130d710 flushing  nmethod 0x00000177b70d7588

Events (20 events):
Event: 106.583 Thread 0x000001782a8ec8e0 Thread added: 0x000001782dd02f00
Event: 106.584 Thread 0x000001782a8ec8e0 Thread added: 0x000001782dd03590
Event: 106.585 Thread 0x000001782a8ec8e0 Thread added: 0x000001782dd03c20
Event: 106.585 Thread 0x000001782a8ec8e0 Thread added: 0x000001782dd042b0
Event: 107.506 Thread 0x000001782a8ec8e0 Thread added: 0x000001782d105960
Event: 107.507 Thread 0x000001782a8ec8e0 Thread added: 0x000001782ef083c0
Event: 107.511 Thread 0x000001782a8ec8e0 Thread added: 0x000001782ef09e00
Event: 107.514 Thread 0x000001782a8ec8e0 Thread added: 0x000001782ef076a0
Event: 107.517 Thread 0x000001782a8ec8e0 Thread added: 0x000001782ef07010
Event: 107.519 Thread 0x000001782a8ec8e0 Thread added: 0x000001782ef07d30
Event: 116.897 Thread 0x000001782a8ec8e0 Thread added: 0x000001782ef0d280
Event: 122.942 Thread 0x000001782a8ec8e0 Thread added: 0x000001782f7b33c0
Event: 123.063 Thread 0x000001782a8ec8e0 Thread added: 0x000001782f7b3a50
Event: 141.523 Thread 0x00000177e3bc8d10 Thread added: 0x000001782da78390
Event: 141.737 Thread 0x000001782da78390 Thread exited: 0x000001782da78390
Event: 147.304 Thread 0x000001782a8ec8e0 Thread added: 0x000001782fbdf130
Event: 147.894 Thread 0x000001782a9d71c0 Thread added: 0x000001782fbdd6f0
Event: 152.502 Thread 0x000001782a8ec8e0 Thread added: 0x000001782fbe3ff0
Event: 157.490 Thread 0x000001782d103890 Thread exited: 0x000001782d103890
Event: 209.890 Thread 0x000001782a9d7850 Thread exited: 0x000001782a9d7850


Dynamic libraries:
0x00007ff758d50000 - 0x00007ff758d60000 	C:\Program Files\Java\jdk-23\bin\java.exe
0x00007ff8494e0000 - 0x00007ff849745000 	C:\WINDOWS\SYSTEM32\ntdll.dll
0x00007ff847d80000 - 0x00007ff847e49000 	C:\WINDOWS\System32\KERNEL32.DLL
0x00007ff846aa0000 - 0x00007ff846e88000 	C:\WINDOWS\System32\KERNELBASE.dll
0x00007ff841e20000 - 0x00007ff841ebe000 	C:\WINDOWS\SYSTEM32\apphelp.dll
0x00007ff846950000 - 0x00007ff846a9b000 	C:\WINDOWS\System32\ucrtbase.dll
0x00007ff83ea20000 - 0x00007ff83ea3b000 	C:\Program Files\Java\jdk-23\bin\VCRUNTIME140.dll
0x00007ff83ea40000 - 0x00007ff83ea57000 	C:\Program Files\Java\jdk-23\bin\jli.dll
0x00007ff849180000 - 0x00007ff84934a000 	C:\WINDOWS\System32\USER32.dll
0x00007ff8261e0000 - 0x00007ff82647a000 	C:\WINDOWS\WinSxS\amd64_microsoft.windows.common-controls_6595b64144ccf1df_6.0.26100.4202_none_3e0698d4e335f517\COMCTL32.dll
0x00007ff846920000 - 0x00007ff846947000 	C:\WINDOWS\System32\win32u.dll
0x00007ff849360000 - 0x00007ff849409000 	C:\WINDOWS\System32\msvcrt.dll
0x00007ff848cc0000 - 0x00007ff848ceb000 	C:\WINDOWS\System32\GDI32.dll
0x00007ff847140000 - 0x00007ff847277000 	C:\WINDOWS\System32\gdi32full.dll
0x00007ff8467b0000 - 0x00007ff846853000 	C:\WINDOWS\System32\msvcp_win.dll
0x00007ff847c20000 - 0x00007ff847c50000 	C:\WINDOWS\System32\IMM32.DLL
0x00007ff83ea10000 - 0x00007ff83ea1c000 	C:\Program Files\Java\jdk-23\bin\vcruntime140_1.dll
0x00007ff812b90000 - 0x00007ff812c1e000 	C:\Program Files\Java\jdk-23\bin\msvcp140.dll
0x00007fff9d6c0000 - 0x00007fff9e410000 	C:\Program Files\Java\jdk-23\bin\server\jvm.dll
0x00007ff847e50000 - 0x00007ff847f03000 	C:\WINDOWS\System32\ADVAPI32.dll
0x00007ff847cd0000 - 0x00007ff847d76000 	C:\WINDOWS\System32\sechost.dll
0x00007ff848450000 - 0x00007ff848565000 	C:\WINDOWS\System32\RPCRT4.dll
0x00007ff8483c0000 - 0x00007ff848434000 	C:\WINDOWS\System32\WS2_32.dll
0x00007ff846480000 - 0x00007ff8464de000 	C:\WINDOWS\SYSTEM32\POWRPROF.dll
0x00007ff834fd0000 - 0x00007ff835005000 	C:\WINDOWS\SYSTEM32\WINMM.dll
0x00007ff83e020000 - 0x00007ff83e02b000 	C:\WINDOWS\SYSTEM32\VERSION.dll
0x00007ff846460000 - 0x00007ff846474000 	C:\WINDOWS\SYSTEM32\UMPDC.dll
0x00007ff8453f0000 - 0x00007ff84540b000 	C:\WINDOWS\SYSTEM32\kernel.appcore.dll
0x00007ff83ea00000 - 0x00007ff83ea0a000 	C:\Program Files\Java\jdk-23\bin\jimage.dll
0x00007ff844030000 - 0x00007ff844271000 	C:\WINDOWS\SYSTEM32\DBGHELP.DLL
0x00007ff847f40000 - 0x00007ff8482c5000 	C:\WINDOWS\System32\combase.dll
0x00007ff8482d0000 - 0x00007ff8483b1000 	C:\WINDOWS\System32\OLEAUT32.dll
0x00007ff827190000 - 0x00007ff8271c9000 	C:\WINDOWS\SYSTEM32\dbgcore.DLL
0x00007ff8470a0000 - 0x00007ff847139000 	C:\WINDOWS\System32\bcryptPrimitives.dll
0x00007ff8121b0000 - 0x00007ff8121bf000 	C:\Program Files\Java\jdk-23\bin\instrument.dll
0x00007ff81b4d0000 - 0x00007ff81b4ee000 	C:\Program Files\Java\jdk-23\bin\java.dll
0x00007ff8474f0000 - 0x00007ff84768e000 	C:\WINDOWS\System32\ole32.dll
0x00007ff848570000 - 0x00007ff848cb2000 	C:\WINDOWS\System32\SHELL32.dll
0x00007ff846e90000 - 0x00007ff847004000 	C:\WINDOWS\System32\wintypes.dll
0x00007ff844280000 - 0x00007ff844ad8000 	C:\WINDOWS\SYSTEM32\windows.storage.dll
0x00007ff8477e0000 - 0x00007ff8478d1000 	C:\WINDOWS\System32\SHCORE.dll
0x00007ff847c60000 - 0x00007ff847cca000 	C:\WINDOWS\System32\shlwapi.dll
0x00007ff846540000 - 0x00007ff84656f000 	C:\WINDOWS\SYSTEM32\profapi.dll
0x00007fffc1d50000 - 0x00007fffc1e27000 	C:\Program Files\Java\jdk-23\bin\jsvml.dll
0x00007ff812b70000 - 0x00007ff812b87000 	C:\Program Files\Java\jdk-23\bin\zip.dll
0x00007ff82cb70000 - 0x00007ff82cb80000 	C:\Program Files\Java\jdk-23\bin\net.dll
0x00007ff845960000 - 0x00007ff8459ca000 	C:\WINDOWS\system32\mswsock.dll
0x00007ff8168f0000 - 0x00007ff816906000 	C:\Program Files\Java\jdk-23\bin\nio.dll
0x00007ff81b6c0000 - 0x00007ff81b6d0000 	C:\Program Files\Java\jdk-23\bin\verify.dll
0x00007ff81b4a0000 - 0x00007ff81b4c7000 	C:\Users\user\.gradle\native\c067742578af261105cb4f569cf0c3c89f3d7b1fecec35dd04571415982c5e48\windows-amd64\native-platform.dll
0x00007fffc0570000 - 0x00007fffc06b4000 	C:\Users\user\.gradle\native\100fb08df4bc3b14c8652ba06237920a3bd2aa13389f12d3474272988ae205f9\windows-amd64\native-platform-file-events.dll
0x00007ff813dd0000 - 0x00007ff813dda000 	C:\Program Files\Java\jdk-23\bin\management.dll
0x00007ff812b60000 - 0x00007ff812b6b000 	C:\Program Files\Java\jdk-23\bin\management_ext.dll
0x00007ff8477d0000 - 0x00007ff8477d8000 	C:\WINDOWS\System32\PSAPI.DLL
0x00007ff845c10000 - 0x00007ff845c2b000 	C:\WINDOWS\SYSTEM32\CRYPTSP.dll
0x00007ff845350000 - 0x00007ff84538a000 	C:\WINDOWS\system32\rsaenh.dll
0x00007ff845a00000 - 0x00007ff845a2b000 	C:\WINDOWS\SYSTEM32\USERENV.dll
0x00007ff846510000 - 0x00007ff846536000 	C:\WINDOWS\SYSTEM32\bcrypt.dll
0x00007ff845c30000 - 0x00007ff845c3c000 	C:\WINDOWS\SYSTEM32\CRYPTBASE.dll
0x00007ff844e20000 - 0x00007ff844e53000 	C:\WINDOWS\SYSTEM32\IPHLPAPI.DLL
0x00007ff849350000 - 0x00007ff84935a000 	C:\WINDOWS\System32\NSI.dll
0x00007ff812b50000 - 0x00007ff812b59000 	C:\Program Files\Java\jdk-23\bin\extnet.dll
0x00007ff8121a0000 - 0x00007ff8121ae000 	C:\Program Files\Java\jdk-23\bin\sunmscapi.dll
0x00007ff846630000 - 0x00007ff8467a7000 	C:\WINDOWS\System32\CRYPT32.dll
0x00007ff845e30000 - 0x00007ff845e60000 	C:\WINDOWS\SYSTEM32\ncrypt.dll
0x00007ff845de0000 - 0x00007ff845e1f000 	C:\WINDOWS\SYSTEM32\NTASN1.dll
0x00007ff83d100000 - 0x00007ff83d108000 	C:\WINDOWS\system32\wshunix.dll
0x00007ff820e50000 - 0x00007ff820e68000 	C:\WINDOWS\system32\napinsp.dll
0x00007ff844e60000 - 0x00007ff844f87000 	C:\WINDOWS\SYSTEM32\DNSAPI.dll
0x00007ff81ea90000 - 0x00007ff81eaa2000 	C:\WINDOWS\System32\winrnr.dll
0x00007ff81ea50000 - 0x00007ff81ea80000 	C:\WINDOWS\system32\nlansp_c.dll
0x00007ff81ea20000 - 0x00007ff81ea40000 	C:\WINDOWS\system32\wshbth.dll
0x00007ff841b10000 - 0x00007ff841b1b000 	C:\Windows\System32\rasadhlp.dll
0x00007ff843050000 - 0x00007ff8430d6000 	C:\WINDOWS\System32\fwpuclnt.dll

dbghelp: loaded successfully - version: 4.0.5 - missing functions: none
symbol engine: initialized successfully - sym options: 0x614 - pdb path: .;C:\Program Files\Java\jdk-23\bin;C:\WINDOWS\SYSTEM32;C:\WINDOWS\WinSxS\amd64_microsoft.windows.common-controls_6595b64144ccf1df_6.0.26100.4202_none_3e0698d4e335f517;C:\Program Files\Java\jdk-23\bin\server;C:\Users\user\.gradle\native\c067742578af261105cb4f569cf0c3c89f3d7b1fecec35dd04571415982c5e48\windows-amd64;C:\Users\user\.gradle\native\100fb08df4bc3b14c8652ba06237920a3bd2aa13389f12d3474272988ae205f9\windows-amd64

VM Arguments:
jvm_args: -XX:MaxMetaspaceSize=4G -XX:ReservedCodeCacheSize=512m -XX:+HeapDumpOnOutOfMemoryError --add-opens=java.base/java.util=ALL-UNNAMED --add-opens=java.base/java.lang=ALL-UNNAMED --add-opens=java.base/java.lang.invoke=ALL-UNNAMED --add-opens=java.prefs/java.util.prefs=ALL-UNNAMED --add-exports=jdk.compiler/com.sun.tools.javac.api=ALL-UNNAMED --add-exports=jdk.compiler/com.sun.tools.javac.util=ALL-UNNAMED --add-opens=java.base/java.nio.charset=ALL-UNNAMED --add-opens=java.base/java.net=ALL-UNNAMED --add-opens=java.base/java.util.concurrent.atomic=ALL-UNNAMED -Xmx8G -Dfile.encoding=utf8 -Duser.country=PH -Duser.language=en -Duser.variant -javaagent:C:\Users\user\.gradle\wrapper\dists\gradle-8.10.2-all\7iv73wktx1xtkvlq19urqw1wm\gradle-8.10.2\lib\agents\gradle-instrumentation-agent-8.10.2.jar 
java_command: org.gradle.launcher.daemon.bootstrap.GradleDaemon 8.10.2
java_class_path (initial): C:\Users\user\.gradle\wrapper\dists\gradle-8.10.2-all\7iv73wktx1xtkvlq19urqw1wm\gradle-8.10.2\lib\gradle-daemon-main-8.10.2.jar
Launcher Type: SUN_STANDARD

[Global flags]
     intx CICompilerCount                          = 4                                         {product} {ergonomic}
     uint ConcGCThreads                            = 2                                         {product} {ergonomic}
     uint G1ConcRefinementThreads                  = 8                                         {product} {ergonomic}
   size_t G1HeapRegionSize                         = 4194304                                   {product} {ergonomic}
     bool HeapDumpOnOutOfMemoryError               = true                                   {manageable} {command line}
   size_t InitialHeapSize                          = 121634816                                 {product} {ergonomic}
   size_t MarkStackSize                            = 4194304                                   {product} {ergonomic}
   size_t MarkStackSizeMax                         = 536870912                                 {product} {ergonomic}
   size_t MaxHeapSize                              = 8589934592                                {product} {command line}
   size_t MaxMetaspaceSize                         = 4294967296                                {product} {command line}
   size_t MaxNewSize                               = 5150605312                                {product} {ergonomic}
   size_t MinHeapDeltaBytes                        = 4194304                                   {product} {ergonomic}
   size_t MinHeapSize                              = 8388608                                   {product} {ergonomic}
    uintx NonNMethodCodeHeapSize                   = 5832704                                {pd product} {ergonomic}
    uintx NonProfiledCodeHeapSize                  = 265551872                              {pd product} {ergonomic}
    uintx ProfiledCodeHeapSize                     = 265486336                              {pd product} {ergonomic}
    uintx ReservedCodeCacheSize                    = 536870912                              {pd product} {command line, ergonomic}
     bool SegmentedCodeCache                       = true                                      {product} {ergonomic}
   size_t SoftMaxHeapSize                          = 8589934592                             {manageable} {ergonomic}
     bool UseCompressedOops                        = true                           {product lp64_product} {ergonomic}
     bool UseG1GC                                  = true                                      {product} {ergonomic}
     bool UseLargePagesIndividualAllocation        = false                                  {pd product} {ergonomic}

Logging:
Log output configuration:
 #0: stdout all=warning uptime,level,tags foldmultilines=false
 #1: stderr all=off uptime,level,tags foldmultilines=false

Environment Variables:
JAVA_HOME=C:\Program Files\Java\jdk-23
PATH=C:\Program Files\Eclipse Adoptium\jdk-21.0.7.6-hotspot\bin;C:\Program Files\Common Files\Oracle\Java\javapath;C:\oraclexe\app\oracle\product\10.2.0\server\bin;C:\Users\user\Downloads\WINDOWS.X64_213000_db_home\bin;C:\app\user\product\23ai\dbhomeFree\bin;C:\WINDOWS\system32;C:\WINDOWS;C:\WINDOWS\System32\Wbem;C:\WINDOWS\System32\WindowsPowerShell\v1.0\;C:\WINDOWS\System32\OpenSSH\;C:\Program Files\dotnet\;C:\Program Files\nodejs\;C:\Program Files (x86)\Windows Kits\10\Windows Performance Toolkit\;C:\Program Files\Git\cmd;C:\Flutter\bin;C:\Gradle\gradle-8.14-all\gradle-8.14\bin;C:\Users\user\AppData\Local\Android\Sdk\platform-tools;C:\Users\user\AppData\Local\Android\Sdk\tools;C:\Users\user\AppData\Local\Android\Sdk\tools\bin;C:\Flutter\flutter\bin;C:\Program Files\MySQL\MySQL Server 8.0\bin;C:\Program Files\Common Files\Oracle\Java\javapath;C:\oraclexe\app\oracle\product\10.2.0\server\bin;C:\Users\user\Downloads\WINDOWS.X64_213000_db_home\bin;C:\app\user\product\23ai\dbhomeFree\bin;C:\WINDOWS\system32;C:\WINDOWS;C:\WINDOWS\System32\Wbem;C:\WINDOWS\System32\WindowsPowerShell\v1.0\;C:\WINDOWS\System32\OpenSSH\;C:\Program Files\dotnet\;C:\Program Files\nodejs\;C:\Program Files (x86)\Windows Kits\10\Windows Performance Toolkit\;C:\Program Files\Git\cmd;C:\Users\user\AppData\Roaming\npm;C:\Users\user\AppData\Local\Pub\Cache\bin;C:\src\flutter\bin;C:\src\flutter\bin\cache\dart-sdk\bin;C:\Users\user\AppData\Local\Pub\Cache\bin;C:\Users\user\AppData\Local\Pub\Cache\bin;C:\Users\user\AppData\Local\GitHubDesktop\bin;C:\Users\user\AppData\Local\Programs\Microsoft VS Code\bin
USERNAME=user
OS=Windows_NT
PROCESSOR_IDENTIFIER=AMD64 Family 23 Model 160 Stepping 0, AuthenticAMD
TMP=C:\Users\user\AppData\Local\Temp
TEMP=C:\Users\user\AppData\Local\Temp




Periodic native trim disabled

---------------  S Y S T E M  ---------------

OS:
 Windows 11 , 64 bit Build 26100 (10.0.26100.4202)
OS uptime: 5 days 5:52 hours

CPU: total 8 (initial active 8) (8 cores per cpu, 2 threads per core) family 23 model 160 stepping 0 microcode 0x8a0000a, cx8, cmov, fxsr, ht, mmx, 3dnowpref, sse, sse2, sse3, ssse3, sse4a, sse4.1, sse4.2, popcnt, lzcnt, tsc, tscinvbit, avx, avx2, aes, clmul, bmi1, bmi2, adx, sha, fma, vzeroupper, clflush, clflushopt, rdtscp, rdpid, f16c
Processor Information for the first 8 processors :
  Max Mhz: 2801, Current Mhz: 2801, Mhz Limit: 2801

Memory: 4k page, system-wide physical 7412M (373M free)
TotalPageFile size 29940M (AvailPageFile size 1M)
current process WorkingSet (physical memory assigned to process): 325M, peak: 399M
current process commit charge ("private bytes"): 823M, peak: 1171M

vm_info: Java HotSpot(TM) 64-Bit Server VM (23.0.2+7-58) for windows-amd64 JRE (23.0.2+7-58), built on 2024-11-29T09:34:55Z with MS VC++ 17.6 (VS2022)

END.
